Using pre-set license
Built from '2021.3/staging' branch; Version is '2021.3.20f1 (577897200b8b) revision 5732503'; Using compiler version '192829333'; Build Type 'Release'
OS: 'Windows 11  (10.0.22621) 64bit Professional' Language: 'ko' Physical Memory: 15711 MB
BatchMode: 1, IsHumanControllingUs: 0, StartBugReporterOnCrash: 0, Is64bit: 1, IsPro: 1

COMMAND LINE ARGUMENTS:
C:\Program Files\Unity\Hub\Editor\2021.3.20f1-x86_64\Editor\Unity.exe
-adb2
-batchMode
-noUpm
-name
AssetImportWorker0
-projectPath
D:/Unity/UnityFile/Project01
-logFile
Logs/AssetImportWorker0.log
-srvPort
59038
Successfully changed project path to: D:/Unity/UnityFile/Project01
D:/Unity/UnityFile/Project01
[UnityMemory] Configuration Parameters - Can be set up in boot.config
    "memorysetup-bucket-allocator-granularity=16"
    "memorysetup-bucket-allocator-bucket-count=8"
    "memorysetup-bucket-allocator-block-size=33554432"
    "memorysetup-bucket-allocator-block-count=8"
    "memorysetup-main-allocator-block-size=16777216"
    "memorysetup-thread-allocator-block-size=16777216"
    "memorysetup-gfx-main-allocator-block-size=16777216"
    "memorysetup-gfx-thread-allocator-block-size=16777216"
    "memorysetup-cache-allocator-block-size=4194304"
    "memorysetup-typetree-allocator-block-size=2097152"
    "memorysetup-profiler-bucket-allocator-granularity=16"
    "memorysetup-profiler-bucket-allocator-bucket-count=8"
    "memorysetup-profiler-bucket-allocator-block-size=33554432"
    "memorysetup-profiler-bucket-allocator-block-count=8"
    "memorysetup-profiler-allocator-block-size=16777216"
    "memorysetup-profiler-editor-allocator-block-size=1048576"
    "memorysetup-temp-allocator-size-main=16777216"
    "memorysetup-job-temp-allocator-block-size=2097152"
    "memorysetup-job-temp-allocator-block-size-background=1048576"
    "memorysetup-job-temp-allocator-reduction-small-platforms=262144"
    "memorysetup-temp-allocator-size-background-worker=32768"
    "memorysetup-temp-allocator-size-job-worker=262144"
    "memorysetup-temp-allocator-size-preload-manager=33554432"
    "memorysetup-temp-allocator-size-nav-mesh-worker=65536"
    "memorysetup-temp-allocator-size-audio-worker=65536"
    "memorysetup-temp-allocator-size-cloud-worker=32768"
    "memorysetup-temp-allocator-size-gi-baking-worker=262144"
    "memorysetup-temp-allocator-size-gfx=262144"
Player connection [27408] Host "[IP] 192.168.1.16 [Port] 0 [Flags] 2 [Guid] 98976585 [EditorId] 98976585 [Version] 1048832 [Id] WindowsEditor(7,unipuppy8) [Debug] 1 [PackageName] WindowsEditor [ProjectName] Editor" joined multi-casting on [225.0.0.222:54997]...

Player connection [27408] Host "[IP] 192.168.1.16 [Port] 0 [Flags] 2 [Guid] 98976585 [EditorId] 98976585 [Version] 1048832 [Id] WindowsEditor(7,unipuppy8) [Debug] 1 [PackageName] WindowsEditor [ProjectName] Editor" joined alternative multi-casting on [225.0.0.222:34997]...

Refreshing native plugins compatible for Editor in 77.85 ms, found 3 plugins.
Preloading 0 native plugins for Editor in 0.00 ms.
Initialize engine version: 2021.3.20f1 (577897200b8b)
[Subsystems] Discovering subsystems at path C:/Program Files/Unity/Hub/Editor/2021.3.20f1-x86_64/Editor/Data/Resources/UnitySubsystems
[Subsystems] Discovering subsystems at path D:/Unity/UnityFile/Project01/Assets
GfxDevice: creating device client; threaded=0; jobified=0
Direct3D:
    Version:  Direct3D 11.0 [level 11.1]
    Renderer: NVIDIA GeForce RTX 3060 Ti (ID=0x2489)
    Vendor:   NVIDIA
    VRAM:     8038 MB
    Driver:   31.0.15.3130
Initialize mono
Mono path[0] = 'C:/Program Files/Unity/Hub/Editor/2021.3.20f1-x86_64/Editor/Data/Managed'
Mono path[1] = 'C:/Program Files/Unity/Hub/Editor/2021.3.20f1-x86_64/Editor/Data/MonoBleedingEdge/lib/mono/unityjit-win32'
Mono config path = 'C:/Program Files/Unity/Hub/Editor/2021.3.20f1-x86_64/Editor/Data/MonoBleedingEdge/etc'
Using monoOptions --debugger-agent=transport=dt_socket,embedding=1,server=y,suspend=n,address=127.0.0.1:56040
Begin MonoManager ReloadAssembly
Registering precompiled unity dll's ...
Trying to register platform support module: C:/Program Files/Unity/Hub/Editor/2021.3.20f1-x86_64/Editor/Data/PlaybackEngines/AndroidPlayer/UnityEditor.Android.Extensions.dll (that doesn't exist). Retrying without overrides.
Platform support module is not available: C:/Program Files/Unity/Hub/Editor/2021.3.20f1-x86_64/Editor/Data/PlaybackEngines/AndroidPlayer/UnityEditor.Android.Extensions.dll
Register platform support module: C:/Program Files/Unity/Hub/Editor/2021.3.20f1-x86_64/Editor/Data/PlaybackEngines/iOSSupport/UnityEditor.iOS.Extensions.dll
Register platform support module: C:/Program Files/Unity/Hub/Editor/2021.3.20f1-x86_64/Editor/Data/PlaybackEngines/WindowsStandaloneSupport/UnityEditor.WindowsStandalone.Extensions.dll
Registered in 0.016800 seconds.
Native extension for WindowsStandalone target not found
[usbmuxd] Start listen thread
[usbmuxd] Listen thread started
Native extension for iOS target not found
Refreshing native plugins compatible for Editor in 70.73 ms, found 3 plugins.
Preloading 0 native plugins for Editor in 0.00 ms.
Mono: successfully reloaded assembly
- Completed reload, in  0.688 seconds
Domain Reload Profiling:
	ReloadAssembly (689ms)
		BeginReloadAssembly (109ms)
			ExecutionOrderSort (0ms)
			DisableScriptedObjects (0ms)
			BackupInstance (0ms)
			ReleaseScriptingObjects (0ms)
			CreateAndSetChildDomain (1ms)
		EndReloadAssembly (458ms)
			LoadAssemblies (105ms)
			RebuildTransferFunctionScriptingTraits (0ms)
			SetupTypeCache (104ms)
			ReleaseScriptCaches (0ms)
			RebuildScriptCaches (27ms)
			SetupLoadedEditorAssemblies (270ms)
				LogAssemblyErrors (0ms)
				InitializePlatformSupportModulesInManaged (28ms)
				SetLoadedEditorAssemblies (0ms)
				RefreshPlugins (71ms)
				BeforeProcessingInitializeOnLoad (2ms)
				ProcessInitializeOnLoadAttributes (118ms)
				ProcessInitializeOnLoadMethodAttributes (51ms)
				AfterProcessingInitializeOnLoad (0ms)
				EditorAssembliesLoaded (0ms)
			ExecutionOrderSort2 (0ms)
			AwakeInstancesAfterBackupRestoration (0ms)
Platform modules already initialized, skipping
Registering precompiled user dll's ...
Registered in 0.007127 seconds.
Begin MonoManager ReloadAssembly
Symbol file LoadedFromMemory doesn't match image D:\Unity\UnityFile\Project01\Library\PackageCache\com.unity.visualscripting@1.8.0\Editor\VisualScripting.Core\Dependencies\YamlDotNet\Unity.VisualScripting.YamlDotNet.dll
Symbol file LoadedFromMemory doesn't match image D:\Unity\UnityFile\Project01\Library\PackageCache\com.unity.visualscripting@1.8.0\Editor\VisualScripting.Core\Dependencies\DotNetZip\Unity.VisualScripting.IonicZip.dll
Native extension for WindowsStandalone target not found
Native extension for iOS target not found
Refreshing native plugins compatible for Editor in 0.57 ms, found 3 plugins.
Preloading 0 native plugins for Editor in 0.00 ms.
Mono: successfully reloaded assembly
- Completed reload, in  1.028 seconds
Domain Reload Profiling:
	ReloadAssembly (1029ms)
		BeginReloadAssembly (155ms)
			ExecutionOrderSort (0ms)
			DisableScriptedObjects (7ms)
			BackupInstance (0ms)
			ReleaseScriptingObjects (0ms)
			CreateAndSetChildDomain (24ms)
		EndReloadAssembly (762ms)
			LoadAssemblies (112ms)
			RebuildTransferFunctionScriptingTraits (0ms)
			SetupTypeCache (237ms)
			ReleaseScriptCaches (0ms)
			RebuildScriptCaches (47ms)
			SetupLoadedEditorAssemblies (353ms)
				LogAssemblyErrors (0ms)
				InitializePlatformSupportModulesInManaged (22ms)
				SetLoadedEditorAssemblies (0ms)
				RefreshPlugins (1ms)
				BeforeProcessingInitializeOnLoad (97ms)
				ProcessInitializeOnLoadAttributes (199ms)
				ProcessInitializeOnLoadMethodAttributes (18ms)
				AfterProcessingInitializeOnLoad (15ms)
				EditorAssembliesLoaded (0ms)
			ExecutionOrderSort2 (0ms)
			AwakeInstancesAfterBackupRestoration (12ms)
Platform modules already initialized, skipping
========================================================================
Worker process is ready to serve import requests
Launched and connected shader compiler UnityShaderCompiler.exe after 0.06 seconds
Refreshing native plugins compatible for Editor in 0.57 ms, found 3 plugins.
Preloading 0 native plugins for Editor in 0.00 ms.
Unloading 3056 Unused Serialized files (Serialized files now loaded: 0)
Unloading 24 unused Assets / (114.5 KB). Loaded Objects now: 3520.
Memory consumption went from 113.6 MB to 113.5 MB.
Total: 3.328300 ms (FindLiveObjects: 0.247600 ms CreateObjectMapping: 0.180400 ms MarkObjects: 2.797600 ms  DeleteObjects: 0.102000 ms)

AssetImportParameters requested are different than current active one (requested -> active):
  custom:video-decoder-ogg-theora: a1e56fd34408186e4bbccfd4996cb3dc -> 
  custom:container-muxer-webm: aa71ff27fc2769a1b78a27578f13a17b -> 
  custom:container-demuxer-webm: 4f35f7cbe854078d1ac9338744f61a02 -> 
  custom:video-encoder-webm-vp8: eb34c28f22e8b96e1ab97ce403110664 -> 
  custom:audio-encoder-webm-vorbis: bf7c407c2cedff20999df2af8eb42d56 -> 
  custom:framework-win-MediaFoundation: 216162199b28c13a410421893ffa2e32 -> 
  custom:container-demuxer-ogg: 62fdf1f143b41e24485cea50d1cbac27 -> 
  custom:video-decoder-webm-vp8: 9c59270c3fd7afecdb556c50c9e8de78 -> 
  custom:audio-decoder-ogg-vorbis: bf7c407c2cedff20999df2af8eb42d56 -> 
========================================================================
Received Import Request.
  Time since last request: 569374.652375 seconds.
  path: Assets/Scripts/Player.cs
  artifactKey: Guid(5737251beb8f8c34fa828a2e374cf993) Importer(815301076,1909f56bfc062723c751e8b465ee728b)
Start importing Assets/Scripts/Player.cs using Guid(5737251beb8f8c34fa828a2e374cf993) Importer(815301076,1909f56bfc062723c751e8b465ee728b)  -> (artifact id: '6ad87c523816382c76a1afa9059e91f3') in 0.044110 seconds 
========================================================================
Received Import Request.
  Time since last request: 0.000020 seconds.
  path: Assets/Resources/Player01.prefab
  artifactKey: Guid(55611499d9c84524a9a14bcc43b3a59c) Importer(815301076,1909f56bfc062723c751e8b465ee728b)
Start importing Assets/Resources/Player01.prefab using Guid(55611499d9c84524a9a14bcc43b3a59c) Importer(815301076,1909f56bfc062723c751e8b465ee728b)  -> (artifact id: '5ece186715364d1439dac248af13e62e') in 0.129068 seconds 
========================================================================
Received Import Request.
  Time since last request: 243.551024 seconds.
  path: Assets/Scripts/Player.cs
  artifactKey: Guid(5737251beb8f8c34fa828a2e374cf993) Importer(815301076,1909f56bfc062723c751e8b465ee728b)
Start importing Assets/Scripts/Player.cs using Guid(5737251beb8f8c34fa828a2e374cf993) Importer(815301076,1909f56bfc062723c751e8b465ee728b)  -> (artifact id: 'aa238c41a24b00ce019de26dc7d0dbe0') in 0.002904 seconds 
========================================================================
Received Prepare
Registering precompiled user dll's ...
Registered in 0.005169 seconds.
Begin MonoManager ReloadAssembly
Symbol file LoadedFromMemory doesn't match image D:\Unity\UnityFile\Project01\Library\PackageCache\com.unity.visualscripting@1.8.0\Editor\VisualScripting.Core\Dependencies\YamlDotNet\Unity.VisualScripting.YamlDotNet.dll
Symbol file LoadedFromMemory doesn't match image D:\Unity\UnityFile\Project01\Library\PackageCache\com.unity.visualscripting@1.8.0\Editor\VisualScripting.Core\Dependencies\DotNetZip\Unity.VisualScripting.IonicZip.dll
Native extension for WindowsStandalone target not found
Native extension for iOS target not found
Refreshing native plugins compatible for Editor in 0.97 ms, found 3 plugins.
Preloading 0 native plugins for Editor in 0.00 ms.
Mono: successfully reloaded assembly
- Completed reload, in  0.980 seconds
Domain Reload Profiling:
	ReloadAssembly (981ms)
		BeginReloadAssembly (175ms)
			ExecutionOrderSort (0ms)
			DisableScriptedObjects (6ms)
			BackupInstance (0ms)
			ReleaseScriptingObjects (0ms)
			CreateAndSetChildDomain (38ms)
		EndReloadAssembly (705ms)
			LoadAssemblies (124ms)
			RebuildTransferFunctionScriptingTraits (0ms)
			SetupTypeCache (221ms)
			ReleaseScriptCaches (1ms)
			RebuildScriptCaches (39ms)
			SetupLoadedEditorAssemblies (312ms)
				LogAssemblyErrors (0ms)
				InitializePlatformSupportModulesInManaged (23ms)
				SetLoadedEditorAssemblies (1ms)
				RefreshPlugins (1ms)
				BeforeProcessingInitializeOnLoad (70ms)
				ProcessInitializeOnLoadAttributes (179ms)
				ProcessInitializeOnLoadMethodAttributes (18ms)
				AfterProcessingInitializeOnLoad (19ms)
				EditorAssembliesLoaded (0ms)
			ExecutionOrderSort2 (0ms)
			AwakeInstancesAfterBackupRestoration (11ms)
Platform modules already initialized, skipping
Refreshing native plugins compatible for Editor in 2.02 ms, found 3 plugins.
Preloading 0 native plugins for Editor in 0.00 ms.
Unloading 3050 Unused Serialized files (Serialized files now loaded: 0)
Unloading 17 unused Assets / (81.2 KB). Loaded Objects now: 3532.
Memory consumption went from 130.4 MB to 130.4 MB.
Total: 2.837800 ms (FindLiveObjects: 0.226700 ms CreateObjectMapping: 0.177300 ms MarkObjects: 2.337500 ms  DeleteObjects: 0.095300 ms)

AssetImportParameters requested are different than current active one (requested -> active):
  custom:video-decoder-ogg-theora: a1e56fd34408186e4bbccfd4996cb3dc -> 
  custom:container-muxer-webm: aa71ff27fc2769a1b78a27578f13a17b -> 
  custom:container-demuxer-webm: 4f35f7cbe854078d1ac9338744f61a02 -> 
  custom:video-encoder-webm-vp8: eb34c28f22e8b96e1ab97ce403110664 -> 
  custom:audio-encoder-webm-vorbis: bf7c407c2cedff20999df2af8eb42d56 -> 
  custom:framework-win-MediaFoundation: 216162199b28c13a410421893ffa2e32 -> 
  custom:container-demuxer-ogg: 62fdf1f143b41e24485cea50d1cbac27 -> 
  custom:video-decoder-webm-vp8: 9c59270c3fd7afecdb556c50c9e8de78 -> 
  custom:audio-decoder-ogg-vorbis: bf7c407c2cedff20999df2af8eb42d56 -> 
========================================================================
Received Import Request.
  Time since last request: 45.976117 seconds.
  path: Assets/Resources/Not.prefab
  artifactKey: Guid(c97e62fefc176904b8eb753c2ac35776) Importer(815301076,1909f56bfc062723c751e8b465ee728b)
Start importing Assets/Resources/Not.prefab using Guid(c97e62fefc176904b8eb753c2ac35776) Importer(815301076,1909f56bfc062723c751e8b465ee728b)  -> (artifact id: '83d166309ceafa985f66a2cc4fbd2e80') in 0.161680 seconds 
========================================================================
Received Import Request.
  Time since last request: 224.444133 seconds.
  path: Assets/AssetStore/Low Poly Fire/Prefabs
  artifactKey: Guid(6cf31ac52873afc48bbdc1c3711f8539) Importer(815301076,1909f56bfc062723c751e8b465ee728b)
Start importing Assets/AssetStore/Low Poly Fire/Prefabs using Guid(6cf31ac52873afc48bbdc1c3711f8539) Importer(815301076,1909f56bfc062723c751e8b465ee728b)  -> (artifact id: '4778df19eb12123ae74deac6ccd4b000') in 0.007952 seconds 
========================================================================
Received Import Request.
  Time since last request: 0.024697 seconds.
  path: Assets/AssetStore/Low Poly Fire/Prefabs/Blue-FireWood.prefab
  artifactKey: Guid(923791c7c386b014dab87eb63f30018d) Importer(815301076,1909f56bfc062723c751e8b465ee728b)
Start importing Assets/AssetStore/Low Poly Fire/Prefabs/Blue-FireWood.prefab using Guid(923791c7c386b014dab87eb63f30018d) Importer(815301076,1909f56bfc062723c751e8b465ee728b)  -> (artifact id: 'dd49f9604fa1fdd408379b6c44646809') in 0.296682 seconds 
========================================================================
Received Import Request.
  Time since last request: 0.000024 seconds.
  path: Assets/AssetStore/Low Poly Fire/Prefabs/Purple-FireWood.prefab
  artifactKey: Guid(effaaa665bce18747b546d1bc5c10965) Importer(815301076,1909f56bfc062723c751e8b465ee728b)
Start importing Assets/AssetStore/Low Poly Fire/Prefabs/Purple-FireWood.prefab using Guid(effaaa665bce18747b546d1bc5c10965) Importer(815301076,1909f56bfc062723c751e8b465ee728b)  -> (artifact id: '4357c9c211dffeb2c06b3acf1c6b5fb0') in 0.020008 seconds 
========================================================================
Received Import Request.
  Time since last request: 3.066802 seconds.
  path: Assets/AssetStore/Low Poly Fire/Materials/Demo Skybox.mat
  artifactKey: Guid(3fa3cd91b769a454ebedac38337905a7) Importer(815301076,1909f56bfc062723c751e8b465ee728b)
Start importing Assets/AssetStore/Low Poly Fire/Materials/Demo Skybox.mat using Guid(3fa3cd91b769a454ebedac38337905a7) Importer(815301076,1909f56bfc062723c751e8b465ee728b)  -> (artifact id: '027703f6ae99612198b8db998378fce6') in 0.043792 seconds 
========================================================================
Received Prepare
Registering precompiled user dll's ...
Registered in 0.007650 seconds.
Begin MonoManager ReloadAssembly
Symbol file LoadedFromMemory doesn't match image D:\Unity\UnityFile\Project01\Library\PackageCache\com.unity.visualscripting@1.8.0\Editor\VisualScripting.Core\Dependencies\YamlDotNet\Unity.VisualScripting.YamlDotNet.dll
Symbol file LoadedFromMemory doesn't match image D:\Unity\UnityFile\Project01\Library\PackageCache\com.unity.visualscripting@1.8.0\Editor\VisualScripting.Core\Dependencies\DotNetZip\Unity.VisualScripting.IonicZip.dll
Native extension for WindowsStandalone target not found
Native extension for iOS target not found
Refreshing native plugins compatible for Editor in 0.67 ms, found 3 plugins.
Preloading 0 native plugins for Editor in 0.00 ms.
Mono: successfully reloaded assembly
- Completed reload, in  1.096 seconds
Domain Reload Profiling:
	ReloadAssembly (1097ms)
		BeginReloadAssembly (191ms)
			ExecutionOrderSort (0ms)
			DisableScriptedObjects (4ms)
			BackupInstance (0ms)
			ReleaseScriptingObjects (0ms)
			CreateAndSetChildDomain (44ms)
		EndReloadAssembly (789ms)
			LoadAssemblies (139ms)
			RebuildTransferFunctionScriptingTraits (0ms)
			SetupTypeCache (257ms)
			ReleaseScriptCaches (2ms)
			RebuildScriptCaches (40ms)
			SetupLoadedEditorAssemblies (349ms)
				LogAssemblyErrors (0ms)
				InitializePlatformSupportModulesInManaged (27ms)
				SetLoadedEditorAssemblies (0ms)
				RefreshPlugins (1ms)
				BeforeProcessingInitializeOnLoad (75ms)
				ProcessInitializeOnLoadAttributes (204ms)
				ProcessInitializeOnLoadMethodAttributes (20ms)
				AfterProcessingInitializeOnLoad (21ms)
				EditorAssembliesLoaded (0ms)
			ExecutionOrderSort2 (0ms)
			AwakeInstancesAfterBackupRestoration (12ms)
Platform modules already initialized, skipping
Refreshing native plugins compatible for Editor in 1.90 ms, found 3 plugins.
Preloading 0 native plugins for Editor in 0.00 ms.
Unloading 3069 Unused Serialized files (Serialized files now loaded: 0)
Unloading 18 unused Assets / (108.4 KB). Loaded Objects now: 3588.
Memory consumption went from 131.3 MB to 131.2 MB.
Total: 2.710400 ms (FindLiveObjects: 0.221100 ms CreateObjectMapping: 0.154500 ms MarkObjects: 2.217500 ms  DeleteObjects: 0.116300 ms)

AssetImportParameters requested are different than current active one (requested -> active):
  custom:video-decoder-ogg-theora: a1e56fd34408186e4bbccfd4996cb3dc -> 
  custom:container-muxer-webm: aa71ff27fc2769a1b78a27578f13a17b -> 
  custom:container-demuxer-webm: 4f35f7cbe854078d1ac9338744f61a02 -> 
  custom:video-encoder-webm-vp8: eb34c28f22e8b96e1ab97ce403110664 -> 
  custom:audio-encoder-webm-vorbis: bf7c407c2cedff20999df2af8eb42d56 -> 
  custom:framework-win-MediaFoundation: 216162199b28c13a410421893ffa2e32 -> 
  custom:container-demuxer-ogg: 62fdf1f143b41e24485cea50d1cbac27 -> 
  custom:video-decoder-webm-vp8: 9c59270c3fd7afecdb556c50c9e8de78 -> 
  custom:audio-decoder-ogg-vorbis: bf7c407c2cedff20999df2af8eb42d56 -> 
========================================================================
Received Prepare
Registering precompiled user dll's ...
Registered in 0.006410 seconds.
Begin MonoManager ReloadAssembly
Symbol file LoadedFromMemory doesn't match image D:\Unity\UnityFile\Project01\Library\PackageCache\com.unity.visualscripting@1.8.0\Editor\VisualScripting.Core\Dependencies\YamlDotNet\Unity.VisualScripting.YamlDotNet.dll
Symbol file LoadedFromMemory doesn't match image D:\Unity\UnityFile\Project01\Library\PackageCache\com.unity.visualscripting@1.8.0\Editor\VisualScripting.Core\Dependencies\DotNetZip\Unity.VisualScripting.IonicZip.dll
Native extension for WindowsStandalone target not found
Native extension for iOS target not found
Refreshing native plugins compatible for Editor in 0.78 ms, found 3 plugins.
Preloading 0 native plugins for Editor in 0.00 ms.
Mono: successfully reloaded assembly
- Completed reload, in  1.183 seconds
Domain Reload Profiling:
	ReloadAssembly (1184ms)
		BeginReloadAssembly (176ms)
			ExecutionOrderSort (0ms)
			DisableScriptedObjects (6ms)
			BackupInstance (0ms)
			ReleaseScriptingObjects (0ms)
			CreateAndSetChildDomain (32ms)
		EndReloadAssembly (914ms)
			LoadAssemblies (134ms)
			RebuildTransferFunctionScriptingTraits (0ms)
			SetupTypeCache (305ms)
			ReleaseScriptCaches (2ms)
			RebuildScriptCaches (49ms)
			SetupLoadedEditorAssemblies (406ms)
				LogAssemblyErrors (0ms)
				InitializePlatformSupportModulesInManaged (33ms)
				SetLoadedEditorAssemblies (2ms)
				RefreshPlugins (1ms)
				BeforeProcessingInitializeOnLoad (104ms)
				ProcessInitializeOnLoadAttributes (221ms)
				ProcessInitializeOnLoadMethodAttributes (23ms)
				AfterProcessingInitializeOnLoad (22ms)
				EditorAssembliesLoaded (0ms)
			ExecutionOrderSort2 (0ms)
			AwakeInstancesAfterBackupRestoration (14ms)
Platform modules already initialized, skipping
Refreshing native plugins compatible for Editor in 2.61 ms, found 3 plugins.
Preloading 0 native plugins for Editor in 0.00 ms.
Unloading 3069 Unused Serialized files (Serialized files now loaded: 0)
Unloading 18 unused Assets / (108.5 KB). Loaded Objects now: 3591.
Memory consumption went from 131.3 MB to 131.2 MB.
Total: 5.243400 ms (FindLiveObjects: 0.322300 ms CreateObjectMapping: 0.250700 ms MarkObjects: 4.458300 ms  DeleteObjects: 0.210500 ms)

AssetImportParameters requested are different than current active one (requested -> active):
  custom:video-decoder-ogg-theora: a1e56fd34408186e4bbccfd4996cb3dc -> 
  custom:container-muxer-webm: aa71ff27fc2769a1b78a27578f13a17b -> 
  custom:container-demuxer-webm: 4f35f7cbe854078d1ac9338744f61a02 -> 
  custom:video-encoder-webm-vp8: eb34c28f22e8b96e1ab97ce403110664 -> 
  custom:audio-encoder-webm-vorbis: bf7c407c2cedff20999df2af8eb42d56 -> 
  custom:framework-win-MediaFoundation: 216162199b28c13a410421893ffa2e32 -> 
  custom:container-demuxer-ogg: 62fdf1f143b41e24485cea50d1cbac27 -> 
  custom:video-decoder-webm-vp8: 9c59270c3fd7afecdb556c50c9e8de78 -> 
  custom:audio-decoder-ogg-vorbis: bf7c407c2cedff20999df2af8eb42d56 -> 
========================================================================
Received Import Request.
  Time since last request: 51.363892 seconds.
  path: Assets/AssetStore/ParticleProFX/Resources/Materials/matppfx_explosion01.mat
  artifactKey: Guid(9576aa3b3f0d6114db3d012b4f9f5721) Importer(815301076,1909f56bfc062723c751e8b465ee728b)
Start importing Assets/AssetStore/ParticleProFX/Resources/Materials/matppfx_explosion01.mat using Guid(9576aa3b3f0d6114db3d012b4f9f5721) Importer(815301076,1909f56bfc062723c751e8b465ee728b)  -> (artifact id: '5cc3401a9575cb698c574cbcd0059b3a') in 0.128154 seconds 
========================================================================
Received Import Request.
  Time since last request: 0.000037 seconds.
  path: Assets/AssetStore/ParticleProFX/Resources/Materials/matppfx_orbAdditiveSingle.mat
  artifactKey: Guid(b9b7db1b0f7e3de449a45432c657c8c7) Importer(815301076,1909f56bfc062723c751e8b465ee728b)
Start importing Assets/AssetStore/ParticleProFX/Resources/Materials/matppfx_orbAdditiveSingle.mat using Guid(b9b7db1b0f7e3de449a45432c657c8c7) Importer(815301076,1909f56bfc062723c751e8b465ee728b)  -> (artifact id: 'c045529881966448c7c34f5dd4f28ea3') in 0.043719 seconds 
========================================================================
Received Import Request.
  Time since last request: 0.000035 seconds.
  path: Assets/AssetStore/ParticleProFX/Resources
  artifactKey: Guid(e6243593b1f68004f8af717f33b583c7) Importer(815301076,1909f56bfc062723c751e8b465ee728b)
Start importing Assets/AssetStore/ParticleProFX/Resources using Guid(e6243593b1f68004f8af717f33b583c7) Importer(815301076,1909f56bfc062723c751e8b465ee728b)  -> (artifact id: '59e024781d322616938a0c854b687a17') in 0.014296 seconds 
========================================================================
Received Import Request.
  Time since last request: 0.000031 seconds.
  path: Assets/AssetStore/ParticleProFX/Resources/Materials/matppfx_explosion05.mat
  artifactKey: Guid(4c9ec0678157d4f47b56ac3ad57b835f) Importer(815301076,1909f56bfc062723c751e8b465ee728b)
Start importing Assets/AssetStore/ParticleProFX/Resources/Materials/matppfx_explosion05.mat using Guid(4c9ec0678157d4f47b56ac3ad57b835f) Importer(815301076,1909f56bfc062723c751e8b465ee728b)  -> (artifact id: 'b88104607f652ea74aa6004641051515') in 0.066895 seconds 
========================================================================
Received Import Request.
  Time since last request: 0.000029 seconds.
  path: Assets/AssetStore/ParticleProFX/Resources/Materials/matppfx_bloodSplatter_02.mat
  artifactKey: Guid(b8aa7f74c3a98ce45bfe0e7253b94dbb) Importer(815301076,1909f56bfc062723c751e8b465ee728b)
Start importing Assets/AssetStore/ParticleProFX/Resources/Materials/matppfx_bloodSplatter_02.mat using Guid(b8aa7f74c3a98ce45bfe0e7253b94dbb) Importer(815301076,1909f56bfc062723c751e8b465ee728b)  -> (artifact id: '0b2ff23c2d89b3377b712bd83ddfc458') in 0.024592 seconds 
========================================================================
Received Import Request.
  Time since last request: 0.000022 seconds.
  path: Assets/AssetStore/ParticleProFX/Resources/Materials/matppfx_explosion10.mat
  artifactKey: Guid(711d4b8e1db8b7e4f9cb272582f5f534) Importer(815301076,1909f56bfc062723c751e8b465ee728b)
Start importing Assets/AssetStore/ParticleProFX/Resources/Materials/matppfx_explosion10.mat using Guid(711d4b8e1db8b7e4f9cb272582f5f534) Importer(815301076,1909f56bfc062723c751e8b465ee728b)  -> (artifact id: '17e93d4c6c0599fc85bd6e0503d81206') in 0.051507 seconds 
========================================================================
Received Import Request.
  Time since last request: 0.000037 seconds.
  path: Assets/AssetStore/ParticleProFX/Resources/Materials/matppfx_flash.mat
  artifactKey: Guid(f417d88e590966c458a6b1504aeafd29) Importer(815301076,1909f56bfc062723c751e8b465ee728b)
Start importing Assets/AssetStore/ParticleProFX/Resources/Materials/matppfx_flash.mat using Guid(f417d88e590966c458a6b1504aeafd29) Importer(815301076,1909f56bfc062723c751e8b465ee728b)  -> (artifact id: '0d1bd22cac580c3156840fa7997d5daf') in 0.041185 seconds 
========================================================================
Received Import Request.
  Time since last request: 0.000031 seconds.
  path: Assets/AssetStore/ParticleProFX/Resources/Materials/matppfx_explosion08.mat
  artifactKey: Guid(0467ebe6124a8ed4599de3553f05bb6a) Importer(815301076,1909f56bfc062723c751e8b465ee728b)
Start importing Assets/AssetStore/ParticleProFX/Resources/Materials/matppfx_explosion08.mat using Guid(0467ebe6124a8ed4599de3553f05bb6a) Importer(815301076,1909f56bfc062723c751e8b465ee728b)  -> (artifact id: 'a982f810cfbad43058852d10383a0f25') in 0.023458 seconds 
========================================================================
Received Import Request.
  Time since last request: 0.000062 seconds.
  path: Assets/AssetStore/ParticleProFX/Resources/Materials/matppfx_explosion06.mat
  artifactKey: Guid(5bebc6dc26f41274382d8538f7d18d0f) Importer(815301076,1909f56bfc062723c751e8b465ee728b)
Start importing Assets/AssetStore/ParticleProFX/Resources/Materials/matppfx_explosion06.mat using Guid(5bebc6dc26f41274382d8538f7d18d0f) Importer(815301076,1909f56bfc062723c751e8b465ee728b)  -> (artifact id: '21aa0b90377b144301d398d54af75e87') in 0.022983 seconds 
========================================================================
Received Import Request.
  Time since last request: 0.000022 seconds.
  path: Assets/AssetStore/ParticleProFX/Resources/Materials/matppfx_explosion03.mat
  artifactKey: Guid(8c889b7ab444baf4880653da943b14df) Importer(815301076,1909f56bfc062723c751e8b465ee728b)
Start importing Assets/AssetStore/ParticleProFX/Resources/Materials/matppfx_explosion03.mat using Guid(8c889b7ab444baf4880653da943b14df) Importer(815301076,1909f56bfc062723c751e8b465ee728b)  -> (artifact id: 'f14c97abd055c8708797bc7ce380b18e') in 0.021327 seconds 
========================================================================
Received Import Request.
  Time since last request: 0.000023 seconds.
  path: Assets/AssetStore/ParticleProFX/Resources/Materials/matppfx_smoke04.mat
  artifactKey: Guid(143593765f854b74f886ae3443008318) Importer(815301076,1909f56bfc062723c751e8b465ee728b)
Start importing Assets/AssetStore/ParticleProFX/Resources/Materials/matppfx_smoke04.mat using Guid(143593765f854b74f886ae3443008318) Importer(815301076,1909f56bfc062723c751e8b465ee728b)  -> (artifact id: 'b7f1556afb2f438be4dd68a14ad9eccb') in 0.022585 seconds 
========================================================================
Received Import Request.
  Time since last request: 0.000022 seconds.
  path: Assets/AssetStore/ParticleProFX/Resources/Materials/matppfx_electricring.mat
  artifactKey: Guid(f5fefcb3c0a6a184cacbf76f6009faf9) Importer(815301076,1909f56bfc062723c751e8b465ee728b)
Start importing Assets/AssetStore/ParticleProFX/Resources/Materials/matppfx_electricring.mat using Guid(f5fefcb3c0a6a184cacbf76f6009faf9) Importer(815301076,1909f56bfc062723c751e8b465ee728b)  -> (artifact id: '6b491336460145f7c0db285e10e51425') in 0.020877 seconds 
========================================================================
Received Import Request.
  Time since last request: 0.000027 seconds.
  path: Assets/AssetStore/ParticleProFX/Resources/Materials/matppfx_redSelfIllum.mat
  artifactKey: Guid(7a7181e1f5f47264f9be0f1be9f7f4be) Importer(815301076,1909f56bfc062723c751e8b465ee728b)
Start importing Assets/AssetStore/ParticleProFX/Resources/Materials/matppfx_redSelfIllum.mat using Guid(7a7181e1f5f47264f9be0f1be9f7f4be) Importer(815301076,1909f56bfc062723c751e8b465ee728b)  -> (artifact id: 'f1a45002573edc4c3bff73a4461fd9ab') in 0.095523 seconds 
========================================================================
Received Import Request.
  Time since last request: 0.000037 seconds.
  path: Assets/AssetStore/ParticleProFX/Resources/Materials
  artifactKey: Guid(d1c9442faa5b40d45ad48e2222020310) Importer(815301076,1909f56bfc062723c751e8b465ee728b)
Start importing Assets/AssetStore/ParticleProFX/Resources/Materials using Guid(d1c9442faa5b40d45ad48e2222020310) Importer(815301076,1909f56bfc062723c751e8b465ee728b)  -> (artifact id: '562c9870a0410af08a61ba52173410b8') in 0.022938 seconds 
========================================================================
Received Import Request.
  Time since last request: 0.000052 seconds.
  path: Assets/AssetStore/ParticleProFX/Resources/Materials/matppfx_fadedLineDouble.mat
  artifactKey: Guid(1e939d7e719d57f4da17a41ea377df1e) Importer(815301076,1909f56bfc062723c751e8b465ee728b)
Start importing Assets/AssetStore/ParticleProFX/Resources/Materials/matppfx_fadedLineDouble.mat using Guid(1e939d7e719d57f4da17a41ea377df1e) Importer(815301076,1909f56bfc062723c751e8b465ee728b)  -> (artifact id: '63a5fae2ba99d2bbc1debdb5de4cc58f') in 0.021344 seconds 
========================================================================
Received Import Request.
  Time since last request: 9.274304 seconds.
  path: Assets/AssetStore/ParticleProFX/Resources/Flares/ppfxFlaresBlueSmallInx3.flare
  artifactKey: Guid(ab71c6c228d81dc4aaa87973afdb3039) Importer(815301076,1909f56bfc062723c751e8b465ee728b)
Start importing Assets/AssetStore/ParticleProFX/Resources/Flares/ppfxFlaresBlueSmallInx3.flare using Guid(ab71c6c228d81dc4aaa87973afdb3039) Importer(815301076,1909f56bfc062723c751e8b465ee728b)  -> (artifact id: 'e6a31e61ff3b41fd6986ed4ba79808e3') in 0.012082 seconds 
========================================================================
Received Import Request.
  Time since last request: 0.000016 seconds.
  path: Assets/AssetStore/ParticleProFX/Resources/Flares/ppfxFlaresOrangeSmallInx3.flare
  artifactKey: Guid(caca0272b4fc27043a8a32b0922c5c2c) Importer(815301076,1909f56bfc062723c751e8b465ee728b)
Start importing Assets/AssetStore/ParticleProFX/Resources/Flares/ppfxFlaresOrangeSmallInx3.flare using Guid(caca0272b4fc27043a8a32b0922c5c2c) Importer(815301076,1909f56bfc062723c751e8b465ee728b)  -> (artifact id: '3adf5324c7e424cac8f5788765be4630') in 0.009597 seconds 
========================================================================
Received Import Request.
  Time since last request: 7.526308 seconds.
  path: Assets/AssetStore/ParticleProFX/DemoScene/Prefabs/_DemoSceneWeb.prefab
  artifactKey: Guid(0fa15f6ae3368df49ba58abd364a9042) Importer(815301076,1909f56bfc062723c751e8b465ee728b)
Start importing Assets/AssetStore/ParticleProFX/DemoScene/Prefabs/_DemoSceneWeb.prefab using Guid(0fa15f6ae3368df49ba58abd364a9042) Importer(815301076,1909f56bfc062723c751e8b465ee728b)  -> (artifact id: 'ca235690ae68f7197d93e083848b1954') in 0.017560 seconds 
========================================================================
Received Import Request.
  Time since last request: 8.620236 seconds.
  path: Assets/AssetStore/ParticleProFX/DemoScene/Materials/matppfx_plane.mat
  artifactKey: Guid(ccc3ed74f7cebae499de6ddaa1c3ba7d) Importer(815301076,1909f56bfc062723c751e8b465ee728b)
Start importing Assets/AssetStore/ParticleProFX/DemoScene/Materials/matppfx_plane.mat using Guid(ccc3ed74f7cebae499de6ddaa1c3ba7d) Importer(815301076,1909f56bfc062723c751e8b465ee728b)  -> (artifact id: '6baf795f576cc23e07849e13d11ba79f') in 0.113417 seconds 
========================================================================
Received Prepare
Registering precompiled user dll's ...
Registered in 0.006414 seconds.
Begin MonoManager ReloadAssembly
Symbol file LoadedFromMemory doesn't match image D:\Unity\UnityFile\Project01\Library\PackageCache\com.unity.visualscripting@1.8.0\Editor\VisualScripting.Core\Dependencies\YamlDotNet\Unity.VisualScripting.YamlDotNet.dll
Symbol file LoadedFromMemory doesn't match image D:\Unity\UnityFile\Project01\Library\PackageCache\com.unity.visualscripting@1.8.0\Editor\VisualScripting.Core\Dependencies\DotNetZip\Unity.VisualScripting.IonicZip.dll
Native extension for WindowsStandalone target not found
Native extension for iOS target not found
Refreshing native plugins compatible for Editor in 0.61 ms, found 3 plugins.
Preloading 0 native plugins for Editor in 0.00 ms.
Mono: successfully reloaded assembly
- Completed reload, in  1.007 seconds
Domain Reload Profiling:
	ReloadAssembly (1007ms)
		BeginReloadAssembly (171ms)
			ExecutionOrderSort (0ms)
			DisableScriptedObjects (6ms)
			BackupInstance (0ms)
			ReleaseScriptingObjects (0ms)
			CreateAndSetChildDomain (38ms)
		EndReloadAssembly (723ms)
			LoadAssemblies (126ms)
			RebuildTransferFunctionScriptingTraits (0ms)
			SetupTypeCache (229ms)
			ReleaseScriptCaches (2ms)
			RebuildScriptCaches (39ms)
			SetupLoadedEditorAssemblies (319ms)
				LogAssemblyErrors (0ms)
				InitializePlatformSupportModulesInManaged (23ms)
				SetLoadedEditorAssemblies (0ms)
				RefreshPlugins (1ms)
				BeforeProcessingInitializeOnLoad (71ms)
				ProcessInitializeOnLoadAttributes (185ms)
				ProcessInitializeOnLoadMethodAttributes (18ms)
				AfterProcessingInitializeOnLoad (21ms)
				EditorAssembliesLoaded (0ms)
			ExecutionOrderSort2 (0ms)
			AwakeInstancesAfterBackupRestoration (12ms)
Platform modules already initialized, skipping
Refreshing native plugins compatible for Editor in 2.03 ms, found 3 plugins.
Preloading 0 native plugins for Editor in 0.00 ms.
Unloading 3069 Unused Serialized files (Serialized files now loaded: 0)
Unloading 17 unused Assets / (80.8 KB). Loaded Objects now: 3601.
Memory consumption went from 132.0 MB to 131.9 MB.
Total: 2.700800 ms (FindLiveObjects: 0.208700 ms CreateObjectMapping: 0.161000 ms MarkObjects: 2.244600 ms  DeleteObjects: 0.085600 ms)

AssetImportParameters requested are different than current active one (requested -> active):
  custom:video-decoder-ogg-theora: a1e56fd34408186e4bbccfd4996cb3dc -> 
  custom:container-muxer-webm: aa71ff27fc2769a1b78a27578f13a17b -> 
  custom:container-demuxer-webm: 4f35f7cbe854078d1ac9338744f61a02 -> 
  custom:video-encoder-webm-vp8: eb34c28f22e8b96e1ab97ce403110664 -> 
  custom:audio-encoder-webm-vorbis: bf7c407c2cedff20999df2af8eb42d56 -> 
  custom:framework-win-MediaFoundation: 216162199b28c13a410421893ffa2e32 -> 
  custom:container-demuxer-ogg: 62fdf1f143b41e24485cea50d1cbac27 -> 
  custom:video-decoder-webm-vp8: 9c59270c3fd7afecdb556c50c9e8de78 -> 
  custom:audio-decoder-ogg-vorbis: bf7c407c2cedff20999df2af8eb42d56 -> 
========================================================================
Received Import Request.
  Time since last request: 118.163201 seconds.
  path: Assets/AssetStore/ParticleProFX/Resources/Library/ChainReactions/ppfxChainReaction02.prefab
  artifactKey: Guid(f1de2ce9706e352428ff7f1f76fd78cf) Importer(815301076,1909f56bfc062723c751e8b465ee728b)
Start importing Assets/AssetStore/ParticleProFX/Resources/Library/ChainReactions/ppfxChainReaction02.prefab using Guid(f1de2ce9706e352428ff7f1f76fd78cf) Importer(815301076,1909f56bfc062723c751e8b465ee728b)  -> (artifact id: 'bfbabb1a25828e35988200c63a56d144') in 0.047742 seconds 
========================================================================
Received Import Request.
  Time since last request: 0.000033 seconds.
  path: Assets/AssetStore/ParticleProFX/Resources/Library/ChainReactions/ppfxMultipleHit.prefab
  artifactKey: Guid(e4137441b3ca36d43b1159cba14e0568) Importer(815301076,1909f56bfc062723c751e8b465ee728b)
Start importing Assets/AssetStore/ParticleProFX/Resources/Library/ChainReactions/ppfxMultipleHit.prefab using Guid(e4137441b3ca36d43b1159cba14e0568) Importer(815301076,1909f56bfc062723c751e8b465ee728b)  -> (artifact id: '0622f13c6eeb1e4c9d810e0f4ba6cc7a') in 0.013053 seconds 
========================================================================
Received Import Request.
  Time since last request: 0.000024 seconds.
  path: Assets/AssetStore/ParticleProFX/Resources/Library/ChainReactions/ppfxChainReaction04.prefab
  artifactKey: Guid(a32d3b8c29b7fa341a130fdfa1f6f163) Importer(815301076,1909f56bfc062723c751e8b465ee728b)
Start importing Assets/AssetStore/ParticleProFX/Resources/Library/ChainReactions/ppfxChainReaction04.prefab using Guid(a32d3b8c29b7fa341a130fdfa1f6f163) Importer(815301076,1909f56bfc062723c751e8b465ee728b)  -> (artifact id: '2f1b29a399ba822f5b3846782b28d6db') in 0.017189 seconds 
========================================================================
Received Import Request.
  Time since last request: 0.000034 seconds.
  path: Assets/AssetStore/ParticleProFX/Resources/Library/ChainReactions/ppfxChainReaction03.prefab
  artifactKey: Guid(9b664fc8329399a4aae8b6ef48f03be4) Importer(815301076,1909f56bfc062723c751e8b465ee728b)
Start importing Assets/AssetStore/ParticleProFX/Resources/Library/ChainReactions/ppfxChainReaction03.prefab using Guid(9b664fc8329399a4aae8b6ef48f03be4) Importer(815301076,1909f56bfc062723c751e8b465ee728b)  -> (artifact id: '6d14e6eafad28e1a5c8cb9b94caa3e3a') in 0.014932 seconds 
========================================================================
Received Import Request.
  Time since last request: 2.004779 seconds.
  path: Assets/AssetStore/ParticleProFX/Resources/Library/ChainReactions/Preview/ppfxChainReaction02.png
  artifactKey: Guid(c7efe16729762a942ac1d04262b0396c) Importer(815301076,1909f56bfc062723c751e8b465ee728b)
Start importing Assets/AssetStore/ParticleProFX/Resources/Library/ChainReactions/Preview/ppfxChainReaction02.png using Guid(c7efe16729762a942ac1d04262b0396c) Importer(815301076,1909f56bfc062723c751e8b465ee728b)  -> (artifact id: 'c5cf2d8973ddf692209d9248db5ac859') in 0.042732 seconds 
========================================================================
Received Import Request.
  Time since last request: 0.000017 seconds.
  path: Assets/AssetStore/ParticleProFX/Resources/Library/ChainReactions/Preview/ppfxMultipleHit.png
  artifactKey: Guid(193a125a10ae18e499c14a2b95fb00ca) Importer(815301076,1909f56bfc062723c751e8b465ee728b)
Start importing Assets/AssetStore/ParticleProFX/Resources/Library/ChainReactions/Preview/ppfxMultipleHit.png using Guid(193a125a10ae18e499c14a2b95fb00ca) Importer(815301076,1909f56bfc062723c751e8b465ee728b)  -> (artifact id: '6466ef496dc61fe79a8934292851dfbc') in 0.015095 seconds 
========================================================================
Received Import Request.
  Time since last request: 0.000029 seconds.
  path: Assets/AssetStore/ParticleProFX/Resources/Library/ChainReactions/Preview/ppfxChainReaction05.png
  artifactKey: Guid(17ae72b9bca3f3f4a8a20f503b5a95c8) Importer(815301076,1909f56bfc062723c751e8b465ee728b)
Start importing Assets/AssetStore/ParticleProFX/Resources/Library/ChainReactions/Preview/ppfxChainReaction05.png using Guid(17ae72b9bca3f3f4a8a20f503b5a95c8) Importer(815301076,1909f56bfc062723c751e8b465ee728b)  -> (artifact id: 'c05b1846e444c6c4e6422e2ae9e8fbf3') in 0.014672 seconds 
========================================================================
Received Import Request.
  Time since last request: 0.000028 seconds.
  path: Assets/AssetStore/ParticleProFX/Resources/Library/ChainReactions/Preview/ppfxChainReaction04.png
  artifactKey: Guid(964960924276e2d47b60ebfbc3680c74) Importer(815301076,1909f56bfc062723c751e8b465ee728b)
Start importing Assets/AssetStore/ParticleProFX/Resources/Library/ChainReactions/Preview/ppfxChainReaction04.png using Guid(964960924276e2d47b60ebfbc3680c74) Importer(815301076,1909f56bfc062723c751e8b465ee728b)  -> (artifact id: '30005246c0170f94f406eb6fa01a21a5') in 0.015021 seconds 
========================================================================
Received Import Request.
  Time since last request: 3.297691 seconds.
  path: Assets/AssetStore/ParticleProFX/Resources/Library/Effects/ppfxElectricWall.prefab
  artifactKey: Guid(623292563a59b6f4eadb6a8f1617bbd5) Importer(815301076,1909f56bfc062723c751e8b465ee728b)
Start importing Assets/AssetStore/ParticleProFX/Resources/Library/Effects/ppfxElectricWall.prefab using Guid(623292563a59b6f4eadb6a8f1617bbd5) Importer(815301076,1909f56bfc062723c751e8b465ee728b)  -> (artifact id: 'c47a5101184a4f6f10e4f44ed46c265b') in 0.028476 seconds 
========================================================================
Received Import Request.
  Time since last request: 0.000015 seconds.
  path: Assets/AssetStore/ParticleProFX/Resources/Library/Effects/ppfxRingFx.prefab
  artifactKey: Guid(3a5baf7eac067c44bb7b1d01c0801651) Importer(815301076,1909f56bfc062723c751e8b465ee728b)
Start importing Assets/AssetStore/ParticleProFX/Resources/Library/Effects/ppfxRingFx.prefab using Guid(3a5baf7eac067c44bb7b1d01c0801651) Importer(815301076,1909f56bfc062723c751e8b465ee728b)  -> (artifact id: '333b7a6dae8f8abbcbc66c0e14e11b70') in 0.043430 seconds 
========================================================================
Received Import Request.
  Time since last request: 0.000027 seconds.
  path: Assets/AssetStore/ParticleProFX/Resources/Library/Effects/ppfxRayLightning.prefab
  artifactKey: Guid(90d6be0259fe4e24185ac6be60610b9c) Importer(815301076,1909f56bfc062723c751e8b465ee728b)
Start importing Assets/AssetStore/ParticleProFX/Resources/Library/Effects/ppfxRayLightning.prefab using Guid(90d6be0259fe4e24185ac6be60610b9c) Importer(815301076,1909f56bfc062723c751e8b465ee728b)  -> (artifact id: '57dc61eb98c0f023934c69961f60bee2') in 0.030301 seconds 
========================================================================
Received Import Request.
  Time since last request: 0.000031 seconds.
  path: Assets/AssetStore/ParticleProFX/Resources/Library/Effects/ppfxRocket.prefab
  artifactKey: Guid(4ccb154916208f541b42d95c6f06f3db) Importer(815301076,1909f56bfc062723c751e8b465ee728b)
Start importing Assets/AssetStore/ParticleProFX/Resources/Library/Effects/ppfxRocket.prefab using Guid(4ccb154916208f541b42d95c6f06f3db) Importer(815301076,1909f56bfc062723c751e8b465ee728b)  -> (artifact id: '6c260ba6efe665bc2babebd5b81d3005') in 0.096935 seconds 
========================================================================
Received Import Request.
  Time since last request: 2.089777 seconds.
  path: Assets/AssetStore/ParticleProFX/Resources/Library/Effects/Preview/ppfxElectricWall.png
  artifactKey: Guid(f5d19c59a350e63489649d2e3d68813a) Importer(815301076,1909f56bfc062723c751e8b465ee728b)
Start importing Assets/AssetStore/ParticleProFX/Resources/Library/Effects/Preview/ppfxElectricWall.png using Guid(f5d19c59a350e63489649d2e3d68813a) Importer(815301076,1909f56bfc062723c751e8b465ee728b)  -> (artifact id: '88981222bc9c6ca1022938f76bf335f5') in 0.015165 seconds 
========================================================================
Received Import Request.
  Time since last request: 0.000021 seconds.
  path: Assets/AssetStore/ParticleProFX/Resources/Library/Effects/Preview/ppfxRayRing02.png
  artifactKey: Guid(854788206084e1f43a1f261206dad96d) Importer(815301076,1909f56bfc062723c751e8b465ee728b)
Start importing Assets/AssetStore/ParticleProFX/Resources/Library/Effects/Preview/ppfxRayRing02.png using Guid(854788206084e1f43a1f261206dad96d) Importer(815301076,1909f56bfc062723c751e8b465ee728b)  -> (artifact id: 'df9fc373ffc971df35475370d0f3fc02') in 0.014869 seconds 
========================================================================
Received Import Request.
  Time since last request: 0.000016 seconds.
  path: Assets/AssetStore/ParticleProFX/Resources/Library/Effects/Preview/ppfxRingFx.png
  artifactKey: Guid(0fc3f24edd0c4764f878f686380ae3e5) Importer(815301076,1909f56bfc062723c751e8b465ee728b)
Start importing Assets/AssetStore/ParticleProFX/Resources/Library/Effects/Preview/ppfxRingFx.png using Guid(0fc3f24edd0c4764f878f686380ae3e5) Importer(815301076,1909f56bfc062723c751e8b465ee728b)  -> (artifact id: 'b7188d6ed389b83f1f2db033afc75a33') in 0.013631 seconds 
========================================================================
Received Import Request.
  Time since last request: 0.000015 seconds.
  path: Assets/AssetStore/ParticleProFX/Resources/Library/Effects/Preview/ppfxRayRing01.png
  artifactKey: Guid(573450c559f9b404a863d8fa16de9c02) Importer(815301076,1909f56bfc062723c751e8b465ee728b)
Start importing Assets/AssetStore/ParticleProFX/Resources/Library/Effects/Preview/ppfxRayRing01.png using Guid(573450c559f9b404a863d8fa16de9c02) Importer(815301076,1909f56bfc062723c751e8b465ee728b)  -> (artifact id: '082b22a74b8bc0514197ecaca01fd50e') in 0.013273 seconds 
========================================================================
Received Prepare
Registering precompiled user dll's ...
Registered in 0.005714 seconds.
Begin MonoManager ReloadAssembly
Symbol file LoadedFromMemory doesn't match image D:\Unity\UnityFile\Project01\Library\PackageCache\com.unity.visualscripting@1.8.0\Editor\VisualScripting.Core\Dependencies\YamlDotNet\Unity.VisualScripting.YamlDotNet.dll
Symbol file LoadedFromMemory doesn't match image D:\Unity\UnityFile\Project01\Library\PackageCache\com.unity.visualscripting@1.8.0\Editor\VisualScripting.Core\Dependencies\DotNetZip\Unity.VisualScripting.IonicZip.dll
Native extension for WindowsStandalone target not found
Native extension for iOS target not found
Refreshing native plugins compatible for Editor in 0.62 ms, found 3 plugins.
Preloading 0 native plugins for Editor in 0.00 ms.
Mono: successfully reloaded assembly
- Completed reload, in  0.997 seconds
Domain Reload Profiling:
	ReloadAssembly (998ms)
		BeginReloadAssembly (160ms)
			ExecutionOrderSort (0ms)
			DisableScriptedObjects (4ms)
			BackupInstance (0ms)
			ReleaseScriptingObjects (0ms)
			CreateAndSetChildDomain (32ms)
		EndReloadAssembly (741ms)
			LoadAssemblies (118ms)
			RebuildTransferFunctionScriptingTraits (0ms)
			SetupTypeCache (224ms)
			ReleaseScriptCaches (1ms)
			RebuildScriptCaches (39ms)
			SetupLoadedEditorAssemblies (346ms)
				LogAssemblyErrors (0ms)
				InitializePlatformSupportModulesInManaged (25ms)
				SetLoadedEditorAssemblies (0ms)
				RefreshPlugins (1ms)
				BeforeProcessingInitializeOnLoad (83ms)
				ProcessInitializeOnLoadAttributes (197ms)
				ProcessInitializeOnLoadMethodAttributes (20ms)
				AfterProcessingInitializeOnLoad (20ms)
				EditorAssembliesLoaded (0ms)
			ExecutionOrderSort2 (0ms)
			AwakeInstancesAfterBackupRestoration (13ms)
Platform modules already initialized, skipping
Refreshing native plugins compatible for Editor in 2.26 ms, found 3 plugins.
Preloading 0 native plugins for Editor in 0.00 ms.
Unloading 3068 Unused Serialized files (Serialized files now loaded: 0)
Unloading 18 unused Assets / (81.8 KB). Loaded Objects now: 3608.
Memory consumption went from 132.0 MB to 131.9 MB.
Total: 3.389000 ms (FindLiveObjects: 0.213700 ms CreateObjectMapping: 0.203700 ms MarkObjects: 2.878700 ms  DeleteObjects: 0.091700 ms)

AssetImportParameters requested are different than current active one (requested -> active):
  custom:video-decoder-ogg-theora: a1e56fd34408186e4bbccfd4996cb3dc -> 
  custom:container-muxer-webm: aa71ff27fc2769a1b78a27578f13a17b -> 
  custom:container-demuxer-webm: 4f35f7cbe854078d1ac9338744f61a02 -> 
  custom:video-encoder-webm-vp8: eb34c28f22e8b96e1ab97ce403110664 -> 
  custom:audio-encoder-webm-vorbis: bf7c407c2cedff20999df2af8eb42d56 -> 
  custom:framework-win-MediaFoundation: 216162199b28c13a410421893ffa2e32 -> 
  custom:container-demuxer-ogg: 62fdf1f143b41e24485cea50d1cbac27 -> 
  custom:video-decoder-webm-vp8: 9c59270c3fd7afecdb556c50c9e8de78 -> 
  custom:audio-decoder-ogg-vorbis: bf7c407c2cedff20999df2af8eb42d56 -> 
========================================================================
Received Import Request.
  Time since last request: 93.382976 seconds.
  path: Assets/AssetStore/ParticleProFX/Resources/Library/Effects/ppfxRayRing01.prefab
  artifactKey: Guid(bb1fce0d59fdbad41ab135a722ffc688) Importer(815301076,1909f56bfc062723c751e8b465ee728b)
Start importing Assets/AssetStore/ParticleProFX/Resources/Library/Effects/ppfxRayRing01.prefab using Guid(bb1fce0d59fdbad41ab135a722ffc688) Importer(815301076,1909f56bfc062723c751e8b465ee728b)  -> (artifact id: '3b7bef00fb110c8ceb23cc17de1a1f21') in 0.073616 seconds 
========================================================================
Received Prepare
Registering precompiled user dll's ...
Registered in 0.006023 seconds.
Begin MonoManager ReloadAssembly
Symbol file LoadedFromMemory doesn't match image D:\Unity\UnityFile\Project01\Library\PackageCache\com.unity.visualscripting@1.8.0\Editor\VisualScripting.Core\Dependencies\YamlDotNet\Unity.VisualScripting.YamlDotNet.dll
Symbol file LoadedFromMemory doesn't match image D:\Unity\UnityFile\Project01\Library\PackageCache\com.unity.visualscripting@1.8.0\Editor\VisualScripting.Core\Dependencies\DotNetZip\Unity.VisualScripting.IonicZip.dll
Native extension for WindowsStandalone target not found
Native extension for iOS target not found
Refreshing native plugins compatible for Editor in 0.64 ms, found 3 plugins.
Preloading 0 native plugins for Editor in 0.00 ms.
Mono: successfully reloaded assembly
- Completed reload, in  0.982 seconds
Domain Reload Profiling:
	ReloadAssembly (983ms)
		BeginReloadAssembly (158ms)
			ExecutionOrderSort (0ms)
			DisableScriptedObjects (4ms)
			BackupInstance (0ms)
			ReleaseScriptingObjects (0ms)
			CreateAndSetChildDomain (35ms)
		EndReloadAssembly (724ms)
			LoadAssemblies (119ms)
			RebuildTransferFunctionScriptingTraits (0ms)
			SetupTypeCache (229ms)
			ReleaseScriptCaches (1ms)
			RebuildScriptCaches (39ms)
			SetupLoadedEditorAssemblies (319ms)
				LogAssemblyErrors (0ms)
				InitializePlatformSupportModulesInManaged (26ms)
				SetLoadedEditorAssemblies (0ms)
				RefreshPlugins (1ms)
				BeforeProcessingInitializeOnLoad (72ms)
				ProcessInitializeOnLoadAttributes (183ms)
				ProcessInitializeOnLoadMethodAttributes (18ms)
				AfterProcessingInitializeOnLoad (18ms)
				EditorAssembliesLoaded (0ms)
			ExecutionOrderSort2 (0ms)
			AwakeInstancesAfterBackupRestoration (13ms)
Platform modules already initialized, skipping
Refreshing native plugins compatible for Editor in 1.93 ms, found 3 plugins.
Preloading 0 native plugins for Editor in 0.00 ms.
Unloading 3068 Unused Serialized files (Serialized files now loaded: 0)
Unloading 17 unused Assets / (80.8 KB). Loaded Objects now: 3611.
Memory consumption went from 132.0 MB to 132.0 MB.
Total: 2.909200 ms (FindLiveObjects: 0.211300 ms CreateObjectMapping: 0.127000 ms MarkObjects: 2.484600 ms  DeleteObjects: 0.085200 ms)

AssetImportParameters requested are different than current active one (requested -> active):
  custom:video-decoder-ogg-theora: a1e56fd34408186e4bbccfd4996cb3dc -> 
  custom:container-muxer-webm: aa71ff27fc2769a1b78a27578f13a17b -> 
  custom:container-demuxer-webm: 4f35f7cbe854078d1ac9338744f61a02 -> 
  custom:video-encoder-webm-vp8: eb34c28f22e8b96e1ab97ce403110664 -> 
  custom:audio-encoder-webm-vorbis: bf7c407c2cedff20999df2af8eb42d56 -> 
  custom:framework-win-MediaFoundation: 216162199b28c13a410421893ffa2e32 -> 
  custom:container-demuxer-ogg: 62fdf1f143b41e24485cea50d1cbac27 -> 
  custom:video-decoder-webm-vp8: 9c59270c3fd7afecdb556c50c9e8de78 -> 
  custom:audio-decoder-ogg-vorbis: bf7c407c2cedff20999df2af8eb42d56 -> 
