Using pre-set license
Built from '2021.3/staging' branch; Version is '2021.3.20f1 (577897200b8b) revision 5732503'; Using compiler version '192829333'; Build Type 'Release'
OS: 'Windows 11  (10.0.22621) 64bit Professional' Language: 'ko' Physical Memory: 15711 MB
BatchMode: 1, IsHumanControllingUs: 0, StartBugReporterOnCrash: 0, Is64bit: 1, IsPro: 1

COMMAND LINE ARGUMENTS:
C:\Program Files\Unity\Hub\Editor\2021.3.20f1-x86_64\Editor\Unity.exe
-adb2
-batchMode
-noUpm
-name
AssetImportWorker2
-projectPath
D:/Unity/UnityFile/Project01
-logFile
Logs/AssetImportWorker2.log
-srvPort
59038
Successfully changed project path to: D:/Unity/UnityFile/Project01
D:/Unity/UnityFile/Project01
[UnityMemory] Configuration Parameters - Can be set up in boot.config
    "memorysetup-bucket-allocator-granularity=16"
    "memorysetup-bucket-allocator-bucket-count=8"
    "memorysetup-bucket-allocator-block-size=33554432"
    "memorysetup-bucket-allocator-block-count=8"
    "memorysetup-main-allocator-block-size=16777216"
    "memorysetup-thread-allocator-block-size=16777216"
    "memorysetup-gfx-main-allocator-block-size=16777216"
    "memorysetup-gfx-thread-allocator-block-size=16777216"
    "memorysetup-cache-allocator-block-size=4194304"
    "memorysetup-typetree-allocator-block-size=2097152"
    "memorysetup-profiler-bucket-allocator-granularity=16"
    "memorysetup-profiler-bucket-allocator-bucket-count=8"
    "memorysetup-profiler-bucket-allocator-block-size=33554432"
    "memorysetup-profiler-bucket-allocator-block-count=8"
    "memorysetup-profiler-allocator-block-size=16777216"
    "memorysetup-profiler-editor-allocator-block-size=1048576"
    "memorysetup-temp-allocator-size-main=16777216"
    "memorysetup-job-temp-allocator-block-size=2097152"
    "memorysetup-job-temp-allocator-block-size-background=1048576"
    "memorysetup-job-temp-allocator-reduction-small-platforms=262144"
    "memorysetup-temp-allocator-size-background-worker=32768"
    "memorysetup-temp-allocator-size-job-worker=262144"
    "memorysetup-temp-allocator-size-preload-manager=33554432"
    "memorysetup-temp-allocator-size-nav-mesh-worker=65536"
    "memorysetup-temp-allocator-size-audio-worker=65536"
    "memorysetup-temp-allocator-size-cloud-worker=32768"
    "memorysetup-temp-allocator-size-gi-baking-worker=262144"
    "memorysetup-temp-allocator-size-gfx=262144"
Player connection [38736] Host "[IP] 192.168.1.16 [Port] 0 [Flags] 2 [Guid] 1461094591 [EditorId] 1461094591 [Version] 1048832 [Id] WindowsEditor(7,unipuppy8) [Debug] 1 [PackageName] WindowsEditor [ProjectName] Editor" joined multi-casting on [225.0.0.222:54997]...

Player connection [38736] Host "[IP] 192.168.1.16 [Port] 0 [Flags] 2 [Guid] 1461094591 [EditorId] 1461094591 [Version] 1048832 [Id] WindowsEditor(7,unipuppy8) [Debug] 1 [PackageName] WindowsEditor [ProjectName] Editor" joined alternative multi-casting on [225.0.0.222:34997]...

Refreshing native plugins compatible for Editor in 75.87 ms, found 3 plugins.
Preloading 0 native plugins for Editor in 0.00 ms.
Initialize engine version: 2021.3.20f1 (577897200b8b)
[Subsystems] Discovering subsystems at path C:/Program Files/Unity/Hub/Editor/2021.3.20f1-x86_64/Editor/Data/Resources/UnitySubsystems
[Subsystems] Discovering subsystems at path D:/Unity/UnityFile/Project01/Assets
GfxDevice: creating device client; threaded=0; jobified=0
Direct3D:
    Version:  Direct3D 11.0 [level 11.1]
    Renderer: NVIDIA GeForce RTX 3060 Ti (ID=0x2489)
    Vendor:   NVIDIA
    VRAM:     8038 MB
    Driver:   31.0.15.3130
Initialize mono
Mono path[0] = 'C:/Program Files/Unity/Hub/Editor/2021.3.20f1-x86_64/Editor/Data/Managed'
Mono path[1] = 'C:/Program Files/Unity/Hub/Editor/2021.3.20f1-x86_64/Editor/Data/MonoBleedingEdge/lib/mono/unityjit-win32'
Mono config path = 'C:/Program Files/Unity/Hub/Editor/2021.3.20f1-x86_64/Editor/Data/MonoBleedingEdge/etc'
Using monoOptions --debugger-agent=transport=dt_socket,embedding=1,server=y,suspend=n,address=127.0.0.1:56404
Begin MonoManager ReloadAssembly
Registering precompiled unity dll's ...
Trying to register platform support module: C:/Program Files/Unity/Hub/Editor/2021.3.20f1-x86_64/Editor/Data/PlaybackEngines/AndroidPlayer/UnityEditor.Android.Extensions.dll (that doesn't exist). Retrying without overrides.
Platform support module is not available: C:/Program Files/Unity/Hub/Editor/2021.3.20f1-x86_64/Editor/Data/PlaybackEngines/AndroidPlayer/UnityEditor.Android.Extensions.dll
Register platform support module: C:/Program Files/Unity/Hub/Editor/2021.3.20f1-x86_64/Editor/Data/PlaybackEngines/iOSSupport/UnityEditor.iOS.Extensions.dll
Register platform support module: C:/Program Files/Unity/Hub/Editor/2021.3.20f1-x86_64/Editor/Data/PlaybackEngines/WindowsStandaloneSupport/UnityEditor.WindowsStandalone.Extensions.dll
Registered in 0.015970 seconds.
Native extension for WindowsStandalone target not found
[usbmuxd] Start listen thread
[usbmuxd] Listen thread started
Native extension for iOS target not found
Refreshing native plugins compatible for Editor in 64.91 ms, found 3 plugins.
Preloading 0 native plugins for Editor in 0.00 ms.
Mono: successfully reloaded assembly
- Completed reload, in  0.897 seconds
Domain Reload Profiling:
	ReloadAssembly (899ms)
		BeginReloadAssembly (110ms)
			ExecutionOrderSort (0ms)
			DisableScriptedObjects (0ms)
			BackupInstance (0ms)
			ReleaseScriptingObjects (0ms)
			CreateAndSetChildDomain (1ms)
		EndReloadAssembly (568ms)
			LoadAssemblies (107ms)
			RebuildTransferFunctionScriptingTraits (0ms)
			SetupTypeCache (219ms)
			ReleaseScriptCaches (0ms)
			RebuildScriptCaches (24ms)
			SetupLoadedEditorAssemblies (272ms)
				LogAssemblyErrors (0ms)
				InitializePlatformSupportModulesInManaged (55ms)
				SetLoadedEditorAssemblies (0ms)
				RefreshPlugins (65ms)
				BeforeProcessingInitializeOnLoad (1ms)
				ProcessInitializeOnLoadAttributes (103ms)
				ProcessInitializeOnLoadMethodAttributes (47ms)
				AfterProcessingInitializeOnLoad (0ms)
				EditorAssembliesLoaded (0ms)
			ExecutionOrderSort2 (0ms)
			AwakeInstancesAfterBackupRestoration (0ms)
Platform modules already initialized, skipping
Registering precompiled user dll's ...
Registered in 0.005399 seconds.
Begin MonoManager ReloadAssembly
Symbol file LoadedFromMemory doesn't match image D:\Unity\UnityFile\Project01\Library\PackageCache\com.unity.visualscripting@1.8.0\Editor\VisualScripting.Core\Dependencies\YamlDotNet\Unity.VisualScripting.YamlDotNet.dll
Symbol file LoadedFromMemory doesn't match image D:\Unity\UnityFile\Project01\Library\PackageCache\com.unity.visualscripting@1.8.0\Editor\VisualScripting.Core\Dependencies\DotNetZip\Unity.VisualScripting.IonicZip.dll
Native extension for WindowsStandalone target not found
Native extension for iOS target not found
Refreshing native plugins compatible for Editor in 0.56 ms, found 3 plugins.
Preloading 0 native plugins for Editor in 0.00 ms.
Mono: successfully reloaded assembly
- Completed reload, in  0.964 seconds
Domain Reload Profiling:
	ReloadAssembly (965ms)
		BeginReloadAssembly (131ms)
			ExecutionOrderSort (0ms)
			DisableScriptedObjects (5ms)
			BackupInstance (0ms)
			ReleaseScriptingObjects (0ms)
			CreateAndSetChildDomain (17ms)
		EndReloadAssembly (733ms)
			LoadAssemblies (110ms)
			RebuildTransferFunctionScriptingTraits (0ms)
			SetupTypeCache (269ms)
			ReleaseScriptCaches (1ms)
			RebuildScriptCaches (44ms)
			SetupLoadedEditorAssemblies (307ms)
				LogAssemblyErrors (0ms)
				InitializePlatformSupportModulesInManaged (20ms)
				SetLoadedEditorAssemblies (0ms)
				RefreshPlugins (1ms)
				BeforeProcessingInitializeOnLoad (74ms)
				ProcessInitializeOnLoadAttributes (181ms)
				ProcessInitializeOnLoadMethodAttributes (15ms)
				AfterProcessingInitializeOnLoad (15ms)
				EditorAssembliesLoaded (0ms)
			ExecutionOrderSort2 (0ms)
			AwakeInstancesAfterBackupRestoration (10ms)
Platform modules already initialized, skipping
========================================================================
Worker process is ready to serve import requests
Launched and connected shader compiler UnityShaderCompiler.exe after 0.09 seconds
Refreshing native plugins compatible for Editor in 0.57 ms, found 3 plugins.
Preloading 0 native plugins for Editor in 0.00 ms.
Unloading 3056 Unused Serialized files (Serialized files now loaded: 0)
Unloading 24 unused Assets / (114.7 KB). Loaded Objects now: 3521.
Memory consumption went from 113.7 MB to 113.6 MB.
Total: 2.783100 ms (FindLiveObjects: 0.229200 ms CreateObjectMapping: 0.153000 ms MarkObjects: 2.288900 ms  DeleteObjects: 0.111000 ms)

AssetImportParameters requested are different than current active one (requested -> active):
  custom:video-decoder-ogg-theora: a1e56fd34408186e4bbccfd4996cb3dc -> 
  custom:container-muxer-webm: aa71ff27fc2769a1b78a27578f13a17b -> 
  custom:container-demuxer-webm: 4f35f7cbe854078d1ac9338744f61a02 -> 
  custom:video-encoder-webm-vp8: eb34c28f22e8b96e1ab97ce403110664 -> 
  custom:audio-encoder-webm-vorbis: bf7c407c2cedff20999df2af8eb42d56 -> 
  custom:framework-win-MediaFoundation: 216162199b28c13a410421893ffa2e32 -> 
  custom:container-demuxer-ogg: 62fdf1f143b41e24485cea50d1cbac27 -> 
  custom:video-decoder-webm-vp8: 9c59270c3fd7afecdb556c50c9e8de78 -> 
  custom:audio-decoder-ogg-vorbis: bf7c407c2cedff20999df2af8eb42d56 -> 
========================================================================
Received Prepare
Registering precompiled user dll's ...
Registered in 0.005877 seconds.
Begin MonoManager ReloadAssembly
Symbol file LoadedFromMemory doesn't match image D:\Unity\UnityFile\Project01\Library\PackageCache\com.unity.visualscripting@1.8.0\Editor\VisualScripting.Core\Dependencies\YamlDotNet\Unity.VisualScripting.YamlDotNet.dll
Symbol file LoadedFromMemory doesn't match image D:\Unity\UnityFile\Project01\Library\PackageCache\com.unity.visualscripting@1.8.0\Editor\VisualScripting.Core\Dependencies\DotNetZip\Unity.VisualScripting.IonicZip.dll
Native extension for WindowsStandalone target not found
Native extension for iOS target not found
Refreshing native plugins compatible for Editor in 0.95 ms, found 3 plugins.
Preloading 0 native plugins for Editor in 0.00 ms.
Mono: successfully reloaded assembly
- Completed reload, in  1.101 seconds
Domain Reload Profiling:
	ReloadAssembly (1101ms)
		BeginReloadAssembly (192ms)
			ExecutionOrderSort (0ms)
			DisableScriptedObjects (5ms)
			BackupInstance (0ms)
			ReleaseScriptingObjects (0ms)
			CreateAndSetChildDomain (44ms)
		EndReloadAssembly (805ms)
			LoadAssemblies (139ms)
			RebuildTransferFunctionScriptingTraits (0ms)
			SetupTypeCache (274ms)
			ReleaseScriptCaches (1ms)
			RebuildScriptCaches (41ms)
			SetupLoadedEditorAssemblies (341ms)
				LogAssemblyErrors (0ms)
				InitializePlatformSupportModulesInManaged (27ms)
				SetLoadedEditorAssemblies (1ms)
				RefreshPlugins (1ms)
				BeforeProcessingInitializeOnLoad (74ms)
				ProcessInitializeOnLoadAttributes (202ms)
				ProcessInitializeOnLoadMethodAttributes (17ms)
				AfterProcessingInitializeOnLoad (19ms)
				EditorAssembliesLoaded (0ms)
			ExecutionOrderSort2 (0ms)
			AwakeInstancesAfterBackupRestoration (13ms)
Platform modules already initialized, skipping
Refreshing native plugins compatible for Editor in 2.59 ms, found 3 plugins.
Preloading 0 native plugins for Editor in 0.00 ms.
Unloading 3069 Unused Serialized files (Serialized files now loaded: 0)
Unloading 18 unused Assets / (108.7 KB). Loaded Objects now: 3542.
Memory consumption went from 114.0 MB to 113.9 MB.
Total: 3.960300 ms (FindLiveObjects: 0.351700 ms CreateObjectMapping: 0.236400 ms MarkObjects: 3.235200 ms  DeleteObjects: 0.135300 ms)

AssetImportParameters requested are different than current active one (requested -> active):
  custom:video-decoder-ogg-theora: a1e56fd34408186e4bbccfd4996cb3dc -> 
  custom:container-muxer-webm: aa71ff27fc2769a1b78a27578f13a17b -> 
  custom:container-demuxer-webm: 4f35f7cbe854078d1ac9338744f61a02 -> 
  custom:video-encoder-webm-vp8: eb34c28f22e8b96e1ab97ce403110664 -> 
  custom:audio-encoder-webm-vorbis: bf7c407c2cedff20999df2af8eb42d56 -> 
  custom:framework-win-MediaFoundation: 216162199b28c13a410421893ffa2e32 -> 
  custom:container-demuxer-ogg: 62fdf1f143b41e24485cea50d1cbac27 -> 
  custom:video-decoder-webm-vp8: 9c59270c3fd7afecdb556c50c9e8de78 -> 
  custom:audio-decoder-ogg-vorbis: bf7c407c2cedff20999df2af8eb42d56 -> 
========================================================================
Received Prepare
Registering precompiled user dll's ...
Registered in 0.007070 seconds.
Begin MonoManager ReloadAssembly
Symbol file LoadedFromMemory doesn't match image D:\Unity\UnityFile\Project01\Library\PackageCache\com.unity.visualscripting@1.8.0\Editor\VisualScripting.Core\Dependencies\YamlDotNet\Unity.VisualScripting.YamlDotNet.dll
Symbol file LoadedFromMemory doesn't match image D:\Unity\UnityFile\Project01\Library\PackageCache\com.unity.visualscripting@1.8.0\Editor\VisualScripting.Core\Dependencies\DotNetZip\Unity.VisualScripting.IonicZip.dll
Native extension for WindowsStandalone target not found
Native extension for iOS target not found
Refreshing native plugins compatible for Editor in 0.96 ms, found 3 plugins.
Preloading 0 native plugins for Editor in 0.00 ms.
Mono: successfully reloaded assembly
- Completed reload, in  1.211 seconds
Domain Reload Profiling:
	ReloadAssembly (1211ms)
		BeginReloadAssembly (179ms)
			ExecutionOrderSort (0ms)
			DisableScriptedObjects (7ms)
			BackupInstance (0ms)
			ReleaseScriptingObjects (0ms)
			CreateAndSetChildDomain (36ms)
		EndReloadAssembly (926ms)
			LoadAssemblies (129ms)
			RebuildTransferFunctionScriptingTraits (0ms)
			SetupTypeCache (327ms)
			ReleaseScriptCaches (2ms)
			RebuildScriptCaches (45ms)
			SetupLoadedEditorAssemblies (401ms)
				LogAssemblyErrors (0ms)
				InitializePlatformSupportModulesInManaged (31ms)
				SetLoadedEditorAssemblies (1ms)
				RefreshPlugins (1ms)
				BeforeProcessingInitializeOnLoad (105ms)
				ProcessInitializeOnLoadAttributes (216ms)
				ProcessInitializeOnLoadMethodAttributes (21ms)
				AfterProcessingInitializeOnLoad (26ms)
				EditorAssembliesLoaded (0ms)
			ExecutionOrderSort2 (0ms)
			AwakeInstancesAfterBackupRestoration (15ms)
Platform modules already initialized, skipping
Refreshing native plugins compatible for Editor in 3.38 ms, found 3 plugins.
Preloading 0 native plugins for Editor in 0.00 ms.
Unloading 3069 Unused Serialized files (Serialized files now loaded: 0)
Unloading 18 unused Assets / (108.7 KB). Loaded Objects now: 3545.
Memory consumption went from 114.1 MB to 113.9 MB.
Total: 35.353500 ms (FindLiveObjects: 0.351300 ms CreateObjectMapping: 0.200400 ms MarkObjects: 34.621000 ms  DeleteObjects: 0.179200 ms)

AssetImportParameters requested are different than current active one (requested -> active):
  custom:video-decoder-ogg-theora: a1e56fd34408186e4bbccfd4996cb3dc -> 
  custom:container-muxer-webm: aa71ff27fc2769a1b78a27578f13a17b -> 
  custom:container-demuxer-webm: 4f35f7cbe854078d1ac9338744f61a02 -> 
  custom:video-encoder-webm-vp8: eb34c28f22e8b96e1ab97ce403110664 -> 
  custom:audio-encoder-webm-vorbis: bf7c407c2cedff20999df2af8eb42d56 -> 
  custom:framework-win-MediaFoundation: 216162199b28c13a410421893ffa2e32 -> 
  custom:container-demuxer-ogg: 62fdf1f143b41e24485cea50d1cbac27 -> 
  custom:video-decoder-webm-vp8: 9c59270c3fd7afecdb556c50c9e8de78 -> 
  custom:audio-decoder-ogg-vorbis: bf7c407c2cedff20999df2af8eb42d56 -> 
========================================================================
Received Import Request.
  Time since last request: 569943.847806 seconds.
  path: Assets/AssetStore/ParticleProFX/Resources/Materials/matppfx_fadedLineSingle.mat
  artifactKey: Guid(286ac1dab9f060640b24307717bf008e) Importer(815301076,1909f56bfc062723c751e8b465ee728b)
Start importing Assets/AssetStore/ParticleProFX/Resources/Materials/matppfx_fadedLineSingle.mat using Guid(286ac1dab9f060640b24307717bf008e) Importer(815301076,1909f56bfc062723c751e8b465ee728b)  -> (artifact id: 'da1f164e90905189437f108d2f3d551f') in 0.219708 seconds 
========================================================================
Received Import Request.
  Time since last request: 0.000028 seconds.
  path: Assets/AssetStore/ParticleProFX/Resources/Materials/matppfx_smoke03.mat
  artifactKey: Guid(0366f0ce0438744b2902b7d424e1fd24) Importer(815301076,1909f56bfc062723c751e8b465ee728b)
Start importing Assets/AssetStore/ParticleProFX/Resources/Materials/matppfx_smoke03.mat using Guid(0366f0ce0438744b2902b7d424e1fd24) Importer(815301076,1909f56bfc062723c751e8b465ee728b)  -> (artifact id: '7cefef80b01d7880385a5e3648c92287') in 0.043829 seconds 
========================================================================
Received Import Request.
  Time since last request: 0.000030 seconds.
  path: Assets/AssetStore/ParticleProFX/Resources/Materials/matppfx_fireAdditive01.mat
  artifactKey: Guid(d81b8fe002ede9648848ced617ff8d90) Importer(815301076,1909f56bfc062723c751e8b465ee728b)
Start importing Assets/AssetStore/ParticleProFX/Resources/Materials/matppfx_fireAdditive01.mat using Guid(d81b8fe002ede9648848ced617ff8d90) Importer(815301076,1909f56bfc062723c751e8b465ee728b)  -> (artifact id: 'e58a5f7a6e7d1535b2f37e9e6f7fb9b6') in 0.020731 seconds 
========================================================================
Received Import Request.
  Time since last request: 0.000025 seconds.
  path: Assets/AssetStore/ParticleProFX/Resources/Materials/matppfx_shockwaveSingle.mat
  artifactKey: Guid(b872c9fb04b16224e8aebf93c48c29b6) Importer(815301076,1909f56bfc062723c751e8b465ee728b)
Start importing Assets/AssetStore/ParticleProFX/Resources/Materials/matppfx_shockwaveSingle.mat using Guid(b872c9fb04b16224e8aebf93c48c29b6) Importer(815301076,1909f56bfc062723c751e8b465ee728b)  -> (artifact id: 'ba223f2328a1b695b2b8faf4c9b37121') in 0.021042 seconds 
========================================================================
Received Import Request.
  Time since last request: 0.000021 seconds.
  path: Assets/AssetStore/ParticleProFX/Resources/Materials/matppfx_orbAdditive.mat
  artifactKey: Guid(c2a1f87030f2203488c4e3037425617c) Importer(815301076,1909f56bfc062723c751e8b465ee728b)
Start importing Assets/AssetStore/ParticleProFX/Resources/Materials/matppfx_orbAdditive.mat using Guid(c2a1f87030f2203488c4e3037425617c) Importer(815301076,1909f56bfc062723c751e8b465ee728b)  -> (artifact id: '5729f8a16ca3fd7ed6cae7587351cab1') in 0.022620 seconds 
========================================================================
Received Import Request.
  Time since last request: 0.000022 seconds.
  path: Assets/AssetStore/ParticleProFX/Resources/Materials/matppfx_bloodSplatter_04.mat
  artifactKey: Guid(56425dcfe99acab408760c87aea26357) Importer(815301076,1909f56bfc062723c751e8b465ee728b)
Start importing Assets/AssetStore/ParticleProFX/Resources/Materials/matppfx_bloodSplatter_04.mat using Guid(56425dcfe99acab408760c87aea26357) Importer(815301076,1909f56bfc062723c751e8b465ee728b)  -> (artifact id: '4052ec6d01271dcc693d8f78cf8afde9') in 0.033087 seconds 
========================================================================
Received Import Request.
  Time since last request: 0.000028 seconds.
  path: Assets/AssetStore/ParticleProFX/Resources/Materials/matppfx_orbAdditiveBW.mat
  artifactKey: Guid(e32ea9d6ec8655140a6c0bd3699018de) Importer(815301076,1909f56bfc062723c751e8b465ee728b)
Start importing Assets/AssetStore/ParticleProFX/Resources/Materials/matppfx_orbAdditiveBW.mat using Guid(e32ea9d6ec8655140a6c0bd3699018de) Importer(815301076,1909f56bfc062723c751e8b465ee728b)  -> (artifact id: '6e000611279d6b9a8ea708c87f4be1e2') in 0.032700 seconds 
========================================================================
Received Import Request.
  Time since last request: 0.000033 seconds.
  path: Assets/AssetStore/ParticleProFX/Resources/Materials/matppfx_smoke07.mat
  artifactKey: Guid(15c052d12952b984fb0656e16e9975ac) Importer(815301076,1909f56bfc062723c751e8b465ee728b)
Start importing Assets/AssetStore/ParticleProFX/Resources/Materials/matppfx_smoke07.mat using Guid(15c052d12952b984fb0656e16e9975ac) Importer(815301076,1909f56bfc062723c751e8b465ee728b)  -> (artifact id: '24605b2e9de84b2e82c264989706be1c') in 0.045733 seconds 
========================================================================
Received Import Request.
  Time since last request: 0.000022 seconds.
  path: Assets/AssetStore/ParticleProFX/Resources/Materials/matppfx_debri.mat
  artifactKey: Guid(022eb9710ba5f89458ff13e7148e77c8) Importer(815301076,1909f56bfc062723c751e8b465ee728b)
Start importing Assets/AssetStore/ParticleProFX/Resources/Materials/matppfx_debri.mat using Guid(022eb9710ba5f89458ff13e7148e77c8) Importer(815301076,1909f56bfc062723c751e8b465ee728b)  -> (artifact id: 'e2863c224d9036f4aa56180c1881715e') in 0.053567 seconds 
========================================================================
Received Import Request.
  Time since last request: 0.000036 seconds.
  path: Assets/AssetStore/ParticleProFX/Resources/Materials/matppfx_smoke01.mat
  artifactKey: Guid(bbdea255d336643f3ab28e3cbeae9470) Importer(815301076,1909f56bfc062723c751e8b465ee728b)
Start importing Assets/AssetStore/ParticleProFX/Resources/Materials/matppfx_smoke01.mat using Guid(bbdea255d336643f3ab28e3cbeae9470) Importer(815301076,1909f56bfc062723c751e8b465ee728b)  -> (artifact id: 'a773b96be484f4aa5f5bed759232934a') in 0.045563 seconds 
========================================================================
Received Import Request.
  Time since last request: 0.000027 seconds.
  path: Assets/AssetStore/ParticleProFX/Resources/Materials/matppfx_smoke05.mat
  artifactKey: Guid(c77efea05f12e1e48b0702ce39cdf09c) Importer(815301076,1909f56bfc062723c751e8b465ee728b)
Start importing Assets/AssetStore/ParticleProFX/Resources/Materials/matppfx_smoke05.mat using Guid(c77efea05f12e1e48b0702ce39cdf09c) Importer(815301076,1909f56bfc062723c751e8b465ee728b)  -> (artifact id: '64fcae755934aae06578d553e6e05f03') in 0.022447 seconds 
========================================================================
Received Import Request.
  Time since last request: 0.000022 seconds.
  path: Assets/AssetStore/ParticleProFX/Resources/Materials/matppfx_fire01.mat
  artifactKey: Guid(486cf27a28f674cb6bd6bc70816fc9a1) Importer(815301076,1909f56bfc062723c751e8b465ee728b)
Start importing Assets/AssetStore/ParticleProFX/Resources/Materials/matppfx_fire01.mat using Guid(486cf27a28f674cb6bd6bc70816fc9a1) Importer(815301076,1909f56bfc062723c751e8b465ee728b)  -> (artifact id: 'd104cad741f0d95006291999be99de76') in 0.021296 seconds 
========================================================================
Received Import Request.
  Time since last request: 0.000028 seconds.
  path: Assets/AssetStore/ParticleProFX/Resources/Materials/matppfx_debri_brown.mat
  artifactKey: Guid(e9102770a1662fb4a91d81811cd65c3c) Importer(815301076,1909f56bfc062723c751e8b465ee728b)
Start importing Assets/AssetStore/ParticleProFX/Resources/Materials/matppfx_debri_brown.mat using Guid(e9102770a1662fb4a91d81811cd65c3c) Importer(815301076,1909f56bfc062723c751e8b465ee728b)  -> (artifact id: '10474f0542429390bbfbf52ec5629b29') in 0.067550 seconds 
========================================================================
Received Import Request.
  Time since last request: 0.000027 seconds.
  path: Assets/AssetStore/ParticleProFX/Resources/Materials/matppfx_explosion07.mat
  artifactKey: Guid(94441e992dccb49489d881e2b51b6cbe) Importer(815301076,1909f56bfc062723c751e8b465ee728b)
Start importing Assets/AssetStore/ParticleProFX/Resources/Materials/matppfx_explosion07.mat using Guid(94441e992dccb49489d881e2b51b6cbe) Importer(815301076,1909f56bfc062723c751e8b465ee728b)  -> (artifact id: '13333768e589c6ee941986e5cab3c3da') in 0.022676 seconds 
========================================================================
Received Import Request.
  Time since last request: 0.000031 seconds.
  path: Assets/AssetStore/ParticleProFX/Resources/Materials/matppfx_smoke06.mat
  artifactKey: Guid(e2df36b4a96d532499f69c79775dc0bf) Importer(815301076,1909f56bfc062723c751e8b465ee728b)
Start importing Assets/AssetStore/ParticleProFX/Resources/Materials/matppfx_smoke06.mat using Guid(e2df36b4a96d532499f69c79775dc0bf) Importer(815301076,1909f56bfc062723c751e8b465ee728b)  -> (artifact id: 'd8f03bc1ce6adb6049044d786970cbdd') in 0.020494 seconds 
========================================================================
Received Import Request.
  Time since last request: 0.000037 seconds.
  path: Assets/AssetStore/ParticleProFX/Resources/Materials/matppfx_default.mat
  artifactKey: Guid(2c128729f6f75ab4884d434397264f74) Importer(815301076,1909f56bfc062723c751e8b465ee728b)
Start importing Assets/AssetStore/ParticleProFX/Resources/Materials/matppfx_default.mat using Guid(2c128729f6f75ab4884d434397264f74) Importer(815301076,1909f56bfc062723c751e8b465ee728b)  -> (artifact id: '54818e0146d53df3e692b035e33cdd8e') in 0.022425 seconds 
========================================================================
Received Import Request.
  Time since last request: 5.517810 seconds.
  path: Assets/AssetStore/ParticleProFX/PPFXWindow
  artifactKey: Guid(a76a6bc6ca5c56b4d97cd7f127d493dd) Importer(815301076,1909f56bfc062723c751e8b465ee728b)
Start importing Assets/AssetStore/ParticleProFX/PPFXWindow using Guid(a76a6bc6ca5c56b4d97cd7f127d493dd) Importer(815301076,1909f56bfc062723c751e8b465ee728b)  -> (artifact id: 'd5d517940c63d57fb81c7c2d858a1562') in 0.008452 seconds 
========================================================================
Received Import Request.
  Time since last request: 1.880863 seconds.
  path: Assets/AssetStore/ParticleProFX/Resources/Mesh
  artifactKey: Guid(0272b4f4c748be6448e2b3625176541d) Importer(815301076,1909f56bfc062723c751e8b465ee728b)
Start importing Assets/AssetStore/ParticleProFX/Resources/Mesh using Guid(0272b4f4c748be6448e2b3625176541d) Importer(815301076,1909f56bfc062723c751e8b465ee728b)  -> (artifact id: '1ff73c75fa8367a7308dbbcc12fa5b3a') in 0.009903 seconds 
========================================================================
Received Import Request.
  Time since last request: 0.255701 seconds.
  path: Assets/AssetStore/ParticleProFX/Resources/Scripts
  artifactKey: Guid(e24ab556b7f15034a9b2126d6f094a66) Importer(815301076,1909f56bfc062723c751e8b465ee728b)
Start importing Assets/AssetStore/ParticleProFX/Resources/Scripts using Guid(e24ab556b7f15034a9b2126d6f094a66) Importer(815301076,1909f56bfc062723c751e8b465ee728b)  -> (artifact id: 'beda62d7e2b8edf9f2be35a617f0b765') in 0.010249 seconds 
========================================================================
Received Import Request.
  Time since last request: 0.261891 seconds.
  path: Assets/AssetStore/ParticleProFX/Resources/Shaders
  artifactKey: Guid(d013d6cca45e7bf48816548e3b2b3003) Importer(815301076,1909f56bfc062723c751e8b465ee728b)
Start importing Assets/AssetStore/ParticleProFX/Resources/Shaders using Guid(d013d6cca45e7bf48816548e3b2b3003) Importer(815301076,1909f56bfc062723c751e8b465ee728b)  -> (artifact id: '635a09becbef1e23258611191316d5d2') in 0.010052 seconds 
========================================================================
Received Import Request.
  Time since last request: 1.190137 seconds.
  path: Assets/AssetStore/ParticleProFX/Resources/Flares
  artifactKey: Guid(380dd5e126e99134e8c09de8f65db58f) Importer(815301076,1909f56bfc062723c751e8b465ee728b)
Start importing Assets/AssetStore/ParticleProFX/Resources/Flares using Guid(380dd5e126e99134e8c09de8f65db58f) Importer(815301076,1909f56bfc062723c751e8b465ee728b)  -> (artifact id: '0954c3bcc743693c10553fea0685632c') in 0.008759 seconds 
========================================================================
Received Import Request.
  Time since last request: 0.072918 seconds.
  path: Assets/AssetStore/ParticleProFX/Resources/Flares/ppfxFlaresBlueSmallInx2.flare
  artifactKey: Guid(26ed7295f057317449290cc42d6b4834) Importer(815301076,1909f56bfc062723c751e8b465ee728b)
Start importing Assets/AssetStore/ParticleProFX/Resources/Flares/ppfxFlaresBlueSmallInx2.flare using Guid(26ed7295f057317449290cc42d6b4834) Importer(815301076,1909f56bfc062723c751e8b465ee728b)  -> (artifact id: '9f2a5fe99483fb84bc4b08266a98763b') in 0.014119 seconds 
========================================================================
Received Import Request.
  Time since last request: 0.000017 seconds.
  path: Assets/AssetStore/ParticleProFX/Resources/Flares/ppfxFlaresOrangeBigInx4.flare
  artifactKey: Guid(3a978bd75e2035640a5814498557ac4d) Importer(815301076,1909f56bfc062723c751e8b465ee728b)
Start importing Assets/AssetStore/ParticleProFX/Resources/Flares/ppfxFlaresOrangeBigInx4.flare using Guid(3a978bd75e2035640a5814498557ac4d) Importer(815301076,1909f56bfc062723c751e8b465ee728b)  -> (artifact id: 'aa02ec0db26439b78945370f77a02790') in 0.010042 seconds 
========================================================================
Received Import Request.
  Time since last request: 1.957519 seconds.
  path: Assets/AssetStore/ParticleProFX/Resources/Library
  artifactKey: Guid(c0cdd15552c67a848b62fab4c393fb89) Importer(815301076,1909f56bfc062723c751e8b465ee728b)
Start importing Assets/AssetStore/ParticleProFX/Resources/Library using Guid(c0cdd15552c67a848b62fab4c393fb89) Importer(815301076,1909f56bfc062723c751e8b465ee728b)  -> (artifact id: 'e8512855770c40c3fa90f712ff380c0a') in 0.008455 seconds 
========================================================================
Received Import Request.
  Time since last request: 1.384008 seconds.
  path: Assets/AssetStore/ParticleProFX/Resources/Mesh/beam.obj
  artifactKey: Guid(e287f22c13960b942ae87feb8a8cf67a) Importer(815301076,1909f56bfc062723c751e8b465ee728b)
Start importing Assets/AssetStore/ParticleProFX/Resources/Mesh/beam.obj using Guid(e287f22c13960b942ae87feb8a8cf67a) Importer(815301076,1909f56bfc062723c751e8b465ee728b)  -> (artifact id: '8c7564b3d35da98c3c265ce0fe9ed872') in 0.070060 seconds 
========================================================================
Received Import Request.
  Time since last request: 2.788419 seconds.
  path: Assets/AssetStore/ParticleProFX/DemoScene
  artifactKey: Guid(f26f1a584881c804e912f06546d43e08) Importer(815301076,1909f56bfc062723c751e8b465ee728b)
Start importing Assets/AssetStore/ParticleProFX/DemoScene using Guid(f26f1a584881c804e912f06546d43e08) Importer(815301076,1909f56bfc062723c751e8b465ee728b)  -> (artifact id: '65732e32772c528aa101d647a52e920d') in 0.008691 seconds 
========================================================================
Received Import Request.
  Time since last request: 1.247095 seconds.
  path: Assets/AssetStore/ParticleProFX/DemoScene/Prefabs
  artifactKey: Guid(5ce74a81badda644f988fa89efede442) Importer(815301076,1909f56bfc062723c751e8b465ee728b)
Start importing Assets/AssetStore/ParticleProFX/DemoScene/Prefabs using Guid(5ce74a81badda644f988fa89efede442) Importer(815301076,1909f56bfc062723c751e8b465ee728b)  -> (artifact id: '20cfd3d903f17cc3b7e22d5e951891ce') in 0.002417 seconds 
========================================================================
Received Import Request.
  Time since last request: 0.041742 seconds.
  path: Assets/AssetStore/ParticleProFX/DemoScene/Prefabs/_DemoScene.prefab
  artifactKey: Guid(d33e0537e9536ba42863c7736b271c89) Importer(815301076,1909f56bfc062723c751e8b465ee728b)
Start importing Assets/AssetStore/ParticleProFX/DemoScene/Prefabs/_DemoScene.prefab using Guid(d33e0537e9536ba42863c7736b271c89) Importer(815301076,1909f56bfc062723c751e8b465ee728b)  -> (artifact id: 'e5e02d4f4a1dec8766e6dc9e737657cf') in 0.017782 seconds 
========================================================================
Received Import Request.
  Time since last request: 8.566903 seconds.
  path: Assets/AssetStore/ParticleProFX/DemoScene/Materials
  artifactKey: Guid(d555704134b133f46bb78c3e73143d83) Importer(815301076,1909f56bfc062723c751e8b465ee728b)
Start importing Assets/AssetStore/ParticleProFX/DemoScene/Materials using Guid(d555704134b133f46bb78c3e73143d83) Importer(815301076,1909f56bfc062723c751e8b465ee728b)  -> (artifact id: 'fad1dcbe6adec9ce6fc95f2d5cc761e6') in 0.002658 seconds 
========================================================================
Received Import Request.
  Time since last request: 0.049885 seconds.
  path: Assets/AssetStore/ParticleProFX/DemoScene/Materials/matppfx_cubes.mat
  artifactKey: Guid(5c8d403f3ff1d554ab85d1b25f238ab0) Importer(815301076,1909f56bfc062723c751e8b465ee728b)
Start importing Assets/AssetStore/ParticleProFX/DemoScene/Materials/matppfx_cubes.mat using Guid(5c8d403f3ff1d554ab85d1b25f238ab0) Importer(815301076,1909f56bfc062723c751e8b465ee728b)  -> (artifact id: '43766ef5118bfeb21c023b6f118e06d5') in 0.081532 seconds 
========================================================================
Received Import Request.
  Time since last request: 0.556532 seconds.
  path: Assets/AssetStore/ParticleProFX/DemoScene/Textures/grid.png
  artifactKey: Guid(349453eb81823ed43ad8e6ed8637510f) Importer(815301076,1909f56bfc062723c751e8b465ee728b)
Start importing Assets/AssetStore/ParticleProFX/DemoScene/Textures/grid.png using Guid(349453eb81823ed43ad8e6ed8637510f) Importer(815301076,1909f56bfc062723c751e8b465ee728b)  -> (artifact id: 'c7a58c9e804e0a9f1f094831dce23091') in 0.028188 seconds 
========================================================================
Received Import Request.
  Time since last request: 0.948063 seconds.
  path: Assets/AssetStore/ParticleProFX/DemoScene/Scripts
  artifactKey: Guid(bd073e62829212e4c9210746ae1fc6a1) Importer(815301076,1909f56bfc062723c751e8b465ee728b)
Start importing Assets/AssetStore/ParticleProFX/DemoScene/Scripts using Guid(bd073e62829212e4c9210746ae1fc6a1) Importer(815301076,1909f56bfc062723c751e8b465ee728b)  -> (artifact id: 'db53d865cca9f582f69b33a381c447df') in 0.002915 seconds 
========================================================================
Received Import Request.
  Time since last request: 0.192178 seconds.
  path: Assets/AssetStore/ParticleProFX/DemoScene/Textures
  artifactKey: Guid(ec570c092fed7bf4fb3025831809336c) Importer(815301076,1909f56bfc062723c751e8b465ee728b)
Start importing Assets/AssetStore/ParticleProFX/DemoScene/Textures using Guid(ec570c092fed7bf4fb3025831809336c) Importer(815301076,1909f56bfc062723c751e8b465ee728b)  -> (artifact id: 'fca1d5a27f9793ad42a3d78e32113230') in 0.009172 seconds 
========================================================================
Received Import Request.
  Time since last request: 0.932831 seconds.
  path: Assets/AssetStore/ParticleProFX/DemoScene/Textures/logo.png
  artifactKey: Guid(21e5e5aa8eec8d246b65baa82e4a0eff) Importer(815301076,1909f56bfc062723c751e8b465ee728b)
Start importing Assets/AssetStore/ParticleProFX/DemoScene/Textures/logo.png using Guid(21e5e5aa8eec8d246b65baa82e4a0eff) Importer(815301076,1909f56bfc062723c751e8b465ee728b)  -> (artifact id: 'ebcedb9a30317e707f5ac18c310ddf4d') in 0.013984 seconds 
========================================================================
Received Import Request.
  Time since last request: 1.258102 seconds.
  path: Assets/AssetStore/ParticleProFX/DemoScene/demoScene.unity
  artifactKey: Guid(ef9680d41da4ffe4aae7088ddd779497) Importer(815301076,1909f56bfc062723c751e8b465ee728b)
Start importing Assets/AssetStore/ParticleProFX/DemoScene/demoScene.unity using Guid(ef9680d41da4ffe4aae7088ddd779497) Importer(815301076,1909f56bfc062723c751e8b465ee728b)  -> (artifact id: '5f22749e546c16bdaaa493b098656d81') in 0.009207 seconds 
========================================================================
Received Prepare
Registering precompiled user dll's ...
Registered in 0.006239 seconds.
Begin MonoManager ReloadAssembly
Symbol file LoadedFromMemory doesn't match image D:\Unity\UnityFile\Project01\Library\PackageCache\com.unity.visualscripting@1.8.0\Editor\VisualScripting.Core\Dependencies\YamlDotNet\Unity.VisualScripting.YamlDotNet.dll
Symbol file LoadedFromMemory doesn't match image D:\Unity\UnityFile\Project01\Library\PackageCache\com.unity.visualscripting@1.8.0\Editor\VisualScripting.Core\Dependencies\DotNetZip\Unity.VisualScripting.IonicZip.dll
Native extension for WindowsStandalone target not found
Native extension for iOS target not found
Refreshing native plugins compatible for Editor in 0.67 ms, found 3 plugins.
Preloading 0 native plugins for Editor in 0.00 ms.
Mono: successfully reloaded assembly
- Completed reload, in  0.991 seconds
Domain Reload Profiling:
	ReloadAssembly (991ms)
		BeginReloadAssembly (165ms)
			ExecutionOrderSort (0ms)
			DisableScriptedObjects (4ms)
			BackupInstance (0ms)
			ReleaseScriptingObjects (0ms)
			CreateAndSetChildDomain (34ms)
		EndReloadAssembly (721ms)
			LoadAssemblies (128ms)
			RebuildTransferFunctionScriptingTraits (0ms)
			SetupTypeCache (221ms)
			ReleaseScriptCaches (1ms)
			RebuildScriptCaches (38ms)
			SetupLoadedEditorAssemblies (321ms)
				LogAssemblyErrors (0ms)
				InitializePlatformSupportModulesInManaged (24ms)
				SetLoadedEditorAssemblies (0ms)
				RefreshPlugins (1ms)
				BeforeProcessingInitializeOnLoad (74ms)
				ProcessInitializeOnLoadAttributes (186ms)
				ProcessInitializeOnLoadMethodAttributes (16ms)
				AfterProcessingInitializeOnLoad (19ms)
				EditorAssembliesLoaded (0ms)
			ExecutionOrderSort2 (0ms)
			AwakeInstancesAfterBackupRestoration (12ms)
Platform modules already initialized, skipping
Refreshing native plugins compatible for Editor in 2.19 ms, found 3 plugins.
Preloading 0 native plugins for Editor in 0.00 ms.
Unloading 3069 Unused Serialized files (Serialized files now loaded: 0)
Unloading 17 unused Assets / (80.6 KB). Loaded Objects now: 3602.
Memory consumption went from 119.1 MB to 119.0 MB.
Total: 4.104400 ms (FindLiveObjects: 0.353200 ms CreateObjectMapping: 0.219300 ms MarkObjects: 3.414300 ms  DeleteObjects: 0.116500 ms)

AssetImportParameters requested are different than current active one (requested -> active):
  custom:video-decoder-ogg-theora: a1e56fd34408186e4bbccfd4996cb3dc -> 
  custom:container-muxer-webm: aa71ff27fc2769a1b78a27578f13a17b -> 
  custom:container-demuxer-webm: 4f35f7cbe854078d1ac9338744f61a02 -> 
  custom:video-encoder-webm-vp8: eb34c28f22e8b96e1ab97ce403110664 -> 
  custom:audio-encoder-webm-vorbis: bf7c407c2cedff20999df2af8eb42d56 -> 
  custom:framework-win-MediaFoundation: 216162199b28c13a410421893ffa2e32 -> 
  custom:container-demuxer-ogg: 62fdf1f143b41e24485cea50d1cbac27 -> 
  custom:video-decoder-webm-vp8: 9c59270c3fd7afecdb556c50c9e8de78 -> 
  custom:audio-decoder-ogg-vorbis: bf7c407c2cedff20999df2af8eb42d56 -> 
========================================================================
Received Import Request.
  Time since last request: 94.661923 seconds.
  path: Assets/AssetStore/ParticleProFX/PPFXWindow/Editor
  artifactKey: Guid(e4aa17215da7fa945960a927d607f0e8) Importer(815301076,1909f56bfc062723c751e8b465ee728b)
Start importing Assets/AssetStore/ParticleProFX/PPFXWindow/Editor using Guid(e4aa17215da7fa945960a927d607f0e8) Importer(815301076,1909f56bfc062723c751e8b465ee728b)  -> (artifact id: '7f82232f3ee7c25fc69994c09cba4162') in 0.014831 seconds 
========================================================================
Received Import Request.
  Time since last request: 2.235992 seconds.
  path: Assets/AssetStore/ParticleProFX/changelog.txt
  artifactKey: Guid(7fcbebeedb5e97d42bc309337cf568ab) Importer(815301076,1909f56bfc062723c751e8b465ee728b)
Start importing Assets/AssetStore/ParticleProFX/changelog.txt using Guid(7fcbebeedb5e97d42bc309337cf568ab) Importer(815301076,1909f56bfc062723c751e8b465ee728b)  -> (artifact id: '8fd86138caca2ce1edd97951d1fb0406') in 0.020425 seconds 
========================================================================
Received Import Request.
  Time since last request: 0.485604 seconds.
  path: Assets/AssetStore/ParticleProFX/readme.txt
  artifactKey: Guid(524105827ca1e4f4895a378b3da19161) Importer(815301076,1909f56bfc062723c751e8b465ee728b)
Start importing Assets/AssetStore/ParticleProFX/readme.txt using Guid(524105827ca1e4f4895a378b3da19161) Importer(815301076,1909f56bfc062723c751e8b465ee728b)  -> (artifact id: 'cefeb59682e087814c8c729fdac298b8') in 0.010142 seconds 
========================================================================
Received Import Request.
  Time since last request: 10.076159 seconds.
  path: Assets/AssetStore/ParticleProFX
  artifactKey: Guid(9b7a66a7cbe21a249bd392865bc8663c) Importer(815301076,1909f56bfc062723c751e8b465ee728b)
Start importing Assets/AssetStore/ParticleProFX using Guid(9b7a66a7cbe21a249bd392865bc8663c) Importer(815301076,1909f56bfc062723c751e8b465ee728b)  -> (artifact id: '5d5daf5a6886c82131e43557e660243f') in 0.011037 seconds 
========================================================================
Received Import Request.
  Time since last request: 1.171245 seconds.
  path: Assets/AssetStore/ParticleProFX/ParticleProFXDocumentation.pdf
  artifactKey: Guid(d0afead6a29977546a1ce8cbb5a9a502) Importer(815301076,1909f56bfc062723c751e8b465ee728b)
Start importing Assets/AssetStore/ParticleProFX/ParticleProFXDocumentation.pdf using Guid(d0afead6a29977546a1ce8cbb5a9a502) Importer(815301076,1909f56bfc062723c751e8b465ee728b)  -> (artifact id: 'f8292413848c342ea6ea40b3a47d95e2') in 0.012465 seconds 
========================================================================
Received Import Request.
  Time since last request: 5.380529 seconds.
  path: Assets/AssetStore/ParticleProFX/Resources/Library/ChainReactions
  artifactKey: Guid(6cab3fb22dd18d24faa73ffd6e6805ab) Importer(815301076,1909f56bfc062723c751e8b465ee728b)
Start importing Assets/AssetStore/ParticleProFX/Resources/Library/ChainReactions using Guid(6cab3fb22dd18d24faa73ffd6e6805ab) Importer(815301076,1909f56bfc062723c751e8b465ee728b)  -> (artifact id: '23e09ee1b4ebd1b65f17243790f29000') in 0.008837 seconds 
========================================================================
Received Import Request.
  Time since last request: 0.045411 seconds.
  path: Assets/AssetStore/ParticleProFX/Resources/Library/ChainReactions/ppfxChainReaction01.prefab
  artifactKey: Guid(e4954c9188969dc4588d3da21f31945d) Importer(815301076,1909f56bfc062723c751e8b465ee728b)
Start importing Assets/AssetStore/ParticleProFX/Resources/Library/ChainReactions/ppfxChainReaction01.prefab using Guid(e4954c9188969dc4588d3da21f31945d) Importer(815301076,1909f56bfc062723c751e8b465ee728b)  -> (artifact id: '120efb045b772328986b3f8815da9602') in 0.031989 seconds 
========================================================================
Received Import Request.
  Time since last request: 0.000026 seconds.
  path: Assets/AssetStore/ParticleProFX/Resources/Library/ChainReactions/ppfxChainReaction05.prefab
  artifactKey: Guid(d7afe4e724459a6478cdfd77cb014d38) Importer(815301076,1909f56bfc062723c751e8b465ee728b)
Start importing Assets/AssetStore/ParticleProFX/Resources/Library/ChainReactions/ppfxChainReaction05.prefab using Guid(d7afe4e724459a6478cdfd77cb014d38) Importer(815301076,1909f56bfc062723c751e8b465ee728b)  -> (artifact id: 'b0c3fa2aaa7d5569506940be9aea3e68') in 0.014222 seconds 
========================================================================
Received Import Request.
  Time since last request: 0.000017 seconds.
  path: Assets/AssetStore/ParticleProFX/Resources/Library/ChainReactions/ppfxChainReaction06.prefab
  artifactKey: Guid(721a1debb92a7764593782835900c660) Importer(815301076,1909f56bfc062723c751e8b465ee728b)
Start importing Assets/AssetStore/ParticleProFX/Resources/Library/ChainReactions/ppfxChainReaction06.prefab using Guid(721a1debb92a7764593782835900c660) Importer(815301076,1909f56bfc062723c751e8b465ee728b)  -> (artifact id: 'fe45b6b4b57cfaf6cf9c1a73a00fe3f7') in 0.019687 seconds 
========================================================================
Received Import Request.
  Time since last request: 0.000031 seconds.
  path: Assets/AssetStore/ParticleProFX/Resources/Library/ChainReactions/ppfxDustExplosionMultipleHit.prefab
  artifactKey: Guid(acccaa9e363e7ba4fbe700f900d768b7) Importer(815301076,1909f56bfc062723c751e8b465ee728b)
Start importing Assets/AssetStore/ParticleProFX/Resources/Library/ChainReactions/ppfxDustExplosionMultipleHit.prefab using Guid(acccaa9e363e7ba4fbe700f900d768b7) Importer(815301076,1909f56bfc062723c751e8b465ee728b)  -> (artifact id: 'a9bf2eb9e2f0c2864d0c5a56040fb837') in 0.014627 seconds 
========================================================================
Received Import Request.
  Time since last request: 1.854673 seconds.
  path: Assets/AssetStore/ParticleProFX/Resources/Library/ChainReactions/Preview
  artifactKey: Guid(8c0284142d7b2834b855c83a43879589) Importer(815301076,1909f56bfc062723c751e8b465ee728b)
Start importing Assets/AssetStore/ParticleProFX/Resources/Library/ChainReactions/Preview using Guid(8c0284142d7b2834b855c83a43879589) Importer(815301076,1909f56bfc062723c751e8b465ee728b)  -> (artifact id: '2b13a212f74d43ef85b2166d9c05b895') in 0.011014 seconds 
========================================================================
Received Import Request.
  Time since last request: 0.148440 seconds.
  path: Assets/AssetStore/ParticleProFX/Resources/Library/ChainReactions/Preview/ppfxChainReaction01.png
  artifactKey: Guid(e036c66912b092446965d4558b3b09cf) Importer(815301076,1909f56bfc062723c751e8b465ee728b)
Start importing Assets/AssetStore/ParticleProFX/Resources/Library/ChainReactions/Preview/ppfxChainReaction01.png using Guid(e036c66912b092446965d4558b3b09cf) Importer(815301076,1909f56bfc062723c751e8b465ee728b)  -> (artifact id: 'fe6e663f884ed67257ced7840278046e') in 0.030153 seconds 
========================================================================
Received Import Request.
  Time since last request: 0.000016 seconds.
  path: Assets/AssetStore/ParticleProFX/Resources/Library/ChainReactions/Preview/ppfxDustExplosionMultipleHit.png
  artifactKey: Guid(b4f1f995a7f8ccb4faa544a827287d06) Importer(815301076,1909f56bfc062723c751e8b465ee728b)
Start importing Assets/AssetStore/ParticleProFX/Resources/Library/ChainReactions/Preview/ppfxDustExplosionMultipleHit.png using Guid(b4f1f995a7f8ccb4faa544a827287d06) Importer(815301076,1909f56bfc062723c751e8b465ee728b)  -> (artifact id: 'f448311bc5d1337485d2fed1258be088') in 0.014076 seconds 
========================================================================
Received Import Request.
  Time since last request: 0.000017 seconds.
  path: Assets/AssetStore/ParticleProFX/Resources/Library/ChainReactions/Preview/ppfxChainReaction03.png
  artifactKey: Guid(427029a9dbded93458d53f3cf4e7ff3a) Importer(815301076,1909f56bfc062723c751e8b465ee728b)
Start importing Assets/AssetStore/ParticleProFX/Resources/Library/ChainReactions/Preview/ppfxChainReaction03.png using Guid(427029a9dbded93458d53f3cf4e7ff3a) Importer(815301076,1909f56bfc062723c751e8b465ee728b)  -> (artifact id: '90f61562c89464ebf866762ff78f81ee') in 0.014924 seconds 
========================================================================
Received Import Request.
  Time since last request: 0.000020 seconds.
  path: Assets/AssetStore/ParticleProFX/Resources/Library/ChainReactions/Preview/ppfxChainReaction06.png
  artifactKey: Guid(3f3eb18bf567c4d4cb87ebced6d06987) Importer(815301076,1909f56bfc062723c751e8b465ee728b)
Start importing Assets/AssetStore/ParticleProFX/Resources/Library/ChainReactions/Preview/ppfxChainReaction06.png using Guid(3f3eb18bf567c4d4cb87ebced6d06987) Importer(815301076,1909f56bfc062723c751e8b465ee728b)  -> (artifact id: '7e411e20158769ca8de46efb54530291') in 0.015264 seconds 
========================================================================
Received Import Request.
  Time since last request: 2.701365 seconds.
  path: Assets/AssetStore/ParticleProFX/Resources/Library/Fire & Explosions
  artifactKey: Guid(4440a24e3d205794ebdd376d2ff77b0e) Importer(815301076,1909f56bfc062723c751e8b465ee728b)
Start importing Assets/AssetStore/ParticleProFX/Resources/Library/Fire & Explosions using Guid(4440a24e3d205794ebdd376d2ff77b0e) Importer(815301076,1909f56bfc062723c751e8b465ee728b)  -> (artifact id: '959b13ee62b11ea2c408072765b0733e') in 0.009252 seconds 
========================================================================
Received Import Request.
  Time since last request: 0.348292 seconds.
  path: Assets/AssetStore/ParticleProFX/Resources/Library/Effects
  artifactKey: Guid(e6f69faa6dc1c2e4b91514191078adb8) Importer(815301076,1909f56bfc062723c751e8b465ee728b)
Start importing Assets/AssetStore/ParticleProFX/Resources/Library/Effects using Guid(e6f69faa6dc1c2e4b91514191078adb8) Importer(815301076,1909f56bfc062723c751e8b465ee728b)  -> (artifact id: '095fd8fcbe1d61edcd77d4a9f294e4cc') in 0.009326 seconds 
========================================================================
Received Import Request.
  Time since last request: 0.231042 seconds.
  path: Assets/AssetStore/ParticleProFX/Resources/Library/Effects/ppfxElectricExplosion.prefab
  artifactKey: Guid(b9d295024c7c2a744965c16adcc7c4a2) Importer(815301076,1909f56bfc062723c751e8b465ee728b)
Start importing Assets/AssetStore/ParticleProFX/Resources/Library/Effects/ppfxElectricExplosion.prefab using Guid(b9d295024c7c2a744965c16adcc7c4a2) Importer(815301076,1909f56bfc062723c751e8b465ee728b)  -> (artifact id: 'f4dff29eae96381ef1cdca1061f3d844') in 0.030410 seconds 
========================================================================
Received Import Request.
  Time since last request: 0.000016 seconds.
  path: Assets/AssetStore/ParticleProFX/Resources/Library/Effects/ppfxRayRing01.prefab
  artifactKey: Guid(bb1fce0d59fdbad41ab135a722ffc688) Importer(815301076,1909f56bfc062723c751e8b465ee728b)
Start importing Assets/AssetStore/ParticleProFX/Resources/Library/Effects/ppfxRayRing01.prefab using Guid(bb1fce0d59fdbad41ab135a722ffc688) Importer(815301076,1909f56bfc062723c751e8b465ee728b)  -> (artifact id: 'e4ddcbc5fcb2a6473fdfae60a6076907') in 0.041975 seconds 
========================================================================
Received Import Request.
  Time since last request: 0.000021 seconds.
  path: Assets/AssetStore/ParticleProFX/Resources/Library/Effects/ppfxRayHorizontal.prefab
  artifactKey: Guid(dd24ecb011a2dc74d8ecdb7d79a828ee) Importer(815301076,1909f56bfc062723c751e8b465ee728b)
Start importing Assets/AssetStore/ParticleProFX/Resources/Library/Effects/ppfxRayHorizontal.prefab using Guid(dd24ecb011a2dc74d8ecdb7d79a828ee) Importer(815301076,1909f56bfc062723c751e8b465ee728b)  -> (artifact id: 'df7a6aacb23fdb2dd2c8f6d540adf0dd') in 0.032553 seconds 
========================================================================
Received Import Request.
  Time since last request: 0.000024 seconds.
  path: Assets/AssetStore/ParticleProFX/Resources/Library/Effects/ppfxRayRing02.prefab
  artifactKey: Guid(577a2c804c53d8e478723dbfc156bffe) Importer(815301076,1909f56bfc062723c751e8b465ee728b)
Start importing Assets/AssetStore/ParticleProFX/Resources/Library/Effects/ppfxRayRing02.prefab using Guid(577a2c804c53d8e478723dbfc156bffe) Importer(815301076,1909f56bfc062723c751e8b465ee728b)  -> (artifact id: 'aba14fe3283c5f5a75e7b813ebccf370') in 0.027642 seconds 
========================================================================
Received Import Request.
  Time since last request: 0.000033 seconds.
  path: Assets/AssetStore/ParticleProFX/Resources/Library/Effects/ppfxRay.prefab
  artifactKey: Guid(4b3e2799610ded5468bd161b5a26975b) Importer(815301076,1909f56bfc062723c751e8b465ee728b)
Start importing Assets/AssetStore/ParticleProFX/Resources/Library/Effects/ppfxRay.prefab using Guid(4b3e2799610ded5468bd161b5a26975b) Importer(815301076,1909f56bfc062723c751e8b465ee728b)  -> (artifact id: 'b3052bd25bad27cd00759b75d1cc6a02') in 0.029764 seconds 
========================================================================
Received Import Request.
  Time since last request: 2.058890 seconds.
  path: Assets/AssetStore/ParticleProFX/Resources/Library/Effects/Preview
  artifactKey: Guid(8e60383f03f04774b9a1892245e4a838) Importer(815301076,1909f56bfc062723c751e8b465ee728b)
Start importing Assets/AssetStore/ParticleProFX/Resources/Library/Effects/Preview using Guid(8e60383f03f04774b9a1892245e4a838) Importer(815301076,1909f56bfc062723c751e8b465ee728b)  -> (artifact id: '2c3db6884c7638d7e818af80ec84c291') in 0.002473 seconds 
========================================================================
Received Import Request.
  Time since last request: 0.065964 seconds.
  path: Assets/AssetStore/ParticleProFX/Resources/Library/Effects/Preview/ppfxElectricExplosion.png
  artifactKey: Guid(31eee1c8a97526940908a87588bfc8dc) Importer(815301076,1909f56bfc062723c751e8b465ee728b)
Start importing Assets/AssetStore/ParticleProFX/Resources/Library/Effects/Preview/ppfxElectricExplosion.png using Guid(31eee1c8a97526940908a87588bfc8dc) Importer(815301076,1909f56bfc062723c751e8b465ee728b)  -> (artifact id: '1ff4ffc7438ee288633b0e10751ad2e0') in 0.015497 seconds 
========================================================================
Received Import Request.
  Time since last request: 0.000017 seconds.
  path: Assets/AssetStore/ParticleProFX/Resources/Library/Effects/Preview/ppfxRayHorizontal.png
  artifactKey: Guid(bf5db4c42adcfb340acadb947ce5fd32) Importer(815301076,1909f56bfc062723c751e8b465ee728b)
Start importing Assets/AssetStore/ParticleProFX/Resources/Library/Effects/Preview/ppfxRayHorizontal.png using Guid(bf5db4c42adcfb340acadb947ce5fd32) Importer(815301076,1909f56bfc062723c751e8b465ee728b)  -> (artifact id: 'f251aba8b6e9fbc2671b4de7ab94d046') in 0.013164 seconds 
========================================================================
Received Import Request.
  Time since last request: 0.000017 seconds.
  path: Assets/AssetStore/ParticleProFX/Resources/Library/Effects/Preview/ppfxRaySniper.png
  artifactKey: Guid(ee38f473635ccf646af88f6e8bc5edbb) Importer(815301076,1909f56bfc062723c751e8b465ee728b)
Start importing Assets/AssetStore/ParticleProFX/Resources/Library/Effects/Preview/ppfxRaySniper.png using Guid(ee38f473635ccf646af88f6e8bc5edbb) Importer(815301076,1909f56bfc062723c751e8b465ee728b)  -> (artifact id: 'c67ddd5ae1dc7f6f72e73412b3848063') in 0.013078 seconds 
========================================================================
Received Import Request.
  Time since last request: 0.000023 seconds.
  path: Assets/AssetStore/ParticleProFX/Resources/Library/Effects/Preview/ppfxRocket.png
  artifactKey: Guid(6d9e5781049eb74489caf09f0760b2e2) Importer(815301076,1909f56bfc062723c751e8b465ee728b)
Start importing Assets/AssetStore/ParticleProFX/Resources/Library/Effects/Preview/ppfxRocket.png using Guid(6d9e5781049eb74489caf09f0760b2e2) Importer(815301076,1909f56bfc062723c751e8b465ee728b)  -> (artifact id: '0e9be0077c66606aea198a9613765bed') in 0.012854 seconds 
========================================================================
Received Prepare
Registering precompiled user dll's ...
Registered in 0.006315 seconds.
Begin MonoManager ReloadAssembly
Symbol file LoadedFromMemory doesn't match image D:\Unity\UnityFile\Project01\Library\PackageCache\com.unity.visualscripting@1.8.0\Editor\VisualScripting.Core\Dependencies\YamlDotNet\Unity.VisualScripting.YamlDotNet.dll
Symbol file LoadedFromMemory doesn't match image D:\Unity\UnityFile\Project01\Library\PackageCache\com.unity.visualscripting@1.8.0\Editor\VisualScripting.Core\Dependencies\DotNetZip\Unity.VisualScripting.IonicZip.dll
Native extension for WindowsStandalone target not found
Native extension for iOS target not found
Refreshing native plugins compatible for Editor in 0.60 ms, found 3 plugins.
Preloading 0 native plugins for Editor in 0.00 ms.
Mono: successfully reloaded assembly
- Completed reload, in  0.992 seconds
Domain Reload Profiling:
	ReloadAssembly (993ms)
		BeginReloadAssembly (159ms)
			ExecutionOrderSort (0ms)
			DisableScriptedObjects (4ms)
			BackupInstance (0ms)
			ReleaseScriptingObjects (0ms)
			CreateAndSetChildDomain (35ms)
		EndReloadAssembly (742ms)
			LoadAssemblies (114ms)
			RebuildTransferFunctionScriptingTraits (0ms)
			SetupTypeCache (224ms)
			ReleaseScriptCaches (1ms)
			RebuildScriptCaches (40ms)
			SetupLoadedEditorAssemblies (346ms)
				LogAssemblyErrors (0ms)
				InitializePlatformSupportModulesInManaged (23ms)
				SetLoadedEditorAssemblies (0ms)
				RefreshPlugins (1ms)
				BeforeProcessingInitializeOnLoad (83ms)
				ProcessInitializeOnLoadAttributes (199ms)
				ProcessInitializeOnLoadMethodAttributes (20ms)
				AfterProcessingInitializeOnLoad (20ms)
				EditorAssembliesLoaded (0ms)
			ExecutionOrderSort2 (0ms)
			AwakeInstancesAfterBackupRestoration (14ms)
Platform modules already initialized, skipping
Refreshing native plugins compatible for Editor in 2.06 ms, found 3 plugins.
Preloading 0 native plugins for Editor in 0.00 ms.
Unloading 3068 Unused Serialized files (Serialized files now loaded: 0)
Unloading 17 unused Assets / (80.7 KB). Loaded Objects now: 3605.
Memory consumption went from 119.0 MB to 119.0 MB.
Total: 3.257100 ms (FindLiveObjects: 0.279300 ms CreateObjectMapping: 0.187700 ms MarkObjects: 2.675000 ms  DeleteObjects: 0.114100 ms)

AssetImportParameters requested are different than current active one (requested -> active):
  custom:video-decoder-ogg-theora: a1e56fd34408186e4bbccfd4996cb3dc -> 
  custom:container-muxer-webm: aa71ff27fc2769a1b78a27578f13a17b -> 
  custom:container-demuxer-webm: 4f35f7cbe854078d1ac9338744f61a02 -> 
  custom:video-encoder-webm-vp8: eb34c28f22e8b96e1ab97ce403110664 -> 
  custom:audio-encoder-webm-vorbis: bf7c407c2cedff20999df2af8eb42d56 -> 
  custom:framework-win-MediaFoundation: 216162199b28c13a410421893ffa2e32 -> 
  custom:container-demuxer-ogg: 62fdf1f143b41e24485cea50d1cbac27 -> 
  custom:video-decoder-webm-vp8: 9c59270c3fd7afecdb556c50c9e8de78 -> 
  custom:audio-decoder-ogg-vorbis: bf7c407c2cedff20999df2af8eb42d56 -> 
========================================================================
Received Import Request.
  Time since last request: 93.212063 seconds.
  path: Assets/AssetStore/ParticleProFX/Resources/Library/Effects/ppfxRayRing01.prefab
  artifactKey: Guid(bb1fce0d59fdbad41ab135a722ffc688) Importer(815301076,1909f56bfc062723c751e8b465ee728b)
Start importing Assets/AssetStore/ParticleProFX/Resources/Library/Effects/ppfxRayRing01.prefab using Guid(bb1fce0d59fdbad41ab135a722ffc688) Importer(815301076,1909f56bfc062723c751e8b465ee728b)  -> (artifact id: '3b7bef00fb110c8ceb23cc17de1a1f21') in 0.065454 seconds 
========================================================================
Received Import Request.
  Time since last request: 0.092077 seconds.
  path: Assets/AssetStore/ParticleProFX/Resources/Library/Effects/ppfxRayLightning.prefab
  artifactKey: Guid(90d6be0259fe4e24185ac6be60610b9c) Importer(815301076,1909f56bfc062723c751e8b465ee728b)
Start importing Assets/AssetStore/ParticleProFX/Resources/Library/Effects/ppfxRayLightning.prefab using Guid(90d6be0259fe4e24185ac6be60610b9c) Importer(815301076,1909f56bfc062723c751e8b465ee728b)  -> (artifact id: '9f3ebf255c42257436a92c3a1d36df5f') in 0.019909 seconds 
========================================================================
Received Import Request.
  Time since last request: 21.061581 seconds.
  path: Assets/AssetStore/ParticleProFX/DemoScene/Scripts/PPFXSpawnOnClick.cs
  artifactKey: Guid(f3f8ac169bf967d40a791249a8ca386c) Importer(815301076,1909f56bfc062723c751e8b465ee728b)
Start importing Assets/AssetStore/ParticleProFX/DemoScene/Scripts/PPFXSpawnOnClick.cs using Guid(f3f8ac169bf967d40a791249a8ca386c) Importer(815301076,1909f56bfc062723c751e8b465ee728b)  -> (artifact id: 'ccf79f5099e9770e22284477f0c84218') in 0.014269 seconds 
========================================================================
Received Import Request.
  Time since last request: 0.393311 seconds.
  path: Assets/AssetStore/ParticleProFX/DemoScene/Scripts/PPFXDemoScene.cs
  artifactKey: Guid(0a00e3fedda32284b93765701dbb9aef) Importer(815301076,1909f56bfc062723c751e8b465ee728b)
Start importing Assets/AssetStore/ParticleProFX/DemoScene/Scripts/PPFXDemoScene.cs using Guid(0a00e3fedda32284b93765701dbb9aef) Importer(815301076,1909f56bfc062723c751e8b465ee728b)  -> (artifact id: '7e3b1ff7d9b6f0a7a46549240a2beac7') in 0.009933 seconds 
========================================================================
Received Import Request.
  Time since last request: 25.947396 seconds.
  path: Assets/Scenes/GameScene.unity
  artifactKey: Guid(9fc0d4010bbf28b4594072e72b8655ab) Importer(815301076,1909f56bfc062723c751e8b465ee728b)
Start importing Assets/Scenes/GameScene.unity using Guid(9fc0d4010bbf28b4594072e72b8655ab) Importer(815301076,1909f56bfc062723c751e8b465ee728b)  -> (artifact id: '8ccbd5c0b44521945e1e9ea8b6ef686f') in 0.036918 seconds 
========================================================================
Received Import Request.
  Time since last request: 1.253529 seconds.
  path: Assets/Scenes/GameScene
  artifactKey: Guid(afb27a1e0ec95284dada66fd28b550d3) Importer(815301076,1909f56bfc062723c751e8b465ee728b)
Start importing Assets/Scenes/GameScene using Guid(afb27a1e0ec95284dada66fd28b550d3) Importer(815301076,1909f56bfc062723c751e8b465ee728b)  -> (artifact id: 'bc9c127132ae4ce447d1098f27bddbd8') in 0.009029 seconds 
========================================================================
Received Import Request.
  Time since last request: 0.051355 seconds.
  path: Assets/Scenes/GameScene/NavMesh.asset
  artifactKey: Guid(3146f772542b17640b7725b73f6583c0) Importer(815301076,1909f56bfc062723c751e8b465ee728b)
Start importing Assets/Scenes/GameScene/NavMesh.asset using Guid(3146f772542b17640b7725b73f6583c0) Importer(815301076,1909f56bfc062723c751e8b465ee728b)  -> (artifact id: 'f33cd15662e020ca89325343a6595b0a') in 0.012728 seconds 
========================================================================
Received Prepare
Registering precompiled user dll's ...
Registered in 0.005999 seconds.
Begin MonoManager ReloadAssembly
Symbol file LoadedFromMemory doesn't match image D:\Unity\UnityFile\Project01\Library\PackageCache\com.unity.visualscripting@1.8.0\Editor\VisualScripting.Core\Dependencies\YamlDotNet\Unity.VisualScripting.YamlDotNet.dll
Symbol file LoadedFromMemory doesn't match image D:\Unity\UnityFile\Project01\Library\PackageCache\com.unity.visualscripting@1.8.0\Editor\VisualScripting.Core\Dependencies\DotNetZip\Unity.VisualScripting.IonicZip.dll
Native extension for WindowsStandalone target not found
Native extension for iOS target not found
Refreshing native plugins compatible for Editor in 0.65 ms, found 3 plugins.
Preloading 0 native plugins for Editor in 0.00 ms.
Mono: successfully reloaded assembly
- Completed reload, in  0.977 seconds
Domain Reload Profiling:
	ReloadAssembly (977ms)
		BeginReloadAssembly (156ms)
			ExecutionOrderSort (0ms)
			DisableScriptedObjects (5ms)
			BackupInstance (0ms)
			ReleaseScriptingObjects (0ms)
			CreateAndSetChildDomain (37ms)
		EndReloadAssembly (724ms)
			LoadAssemblies (113ms)
			RebuildTransferFunctionScriptingTraits (0ms)
			SetupTypeCache (225ms)
			ReleaseScriptCaches (1ms)
			RebuildScriptCaches (39ms)
			SetupLoadedEditorAssemblies (321ms)
				LogAssemblyErrors (0ms)
				InitializePlatformSupportModulesInManaged (25ms)
				SetLoadedEditorAssemblies (0ms)
				RefreshPlugins (1ms)
				BeforeProcessingInitializeOnLoad (73ms)
				ProcessInitializeOnLoadAttributes (185ms)
				ProcessInitializeOnLoadMethodAttributes (18ms)
				AfterProcessingInitializeOnLoad (19ms)
				EditorAssembliesLoaded (0ms)
			ExecutionOrderSort2 (0ms)
			AwakeInstancesAfterBackupRestoration (13ms)
Platform modules already initialized, skipping
Refreshing native plugins compatible for Editor in 1.63 ms, found 3 plugins.
Preloading 0 native plugins for Editor in 0.00 ms.
Unloading 3068 Unused Serialized files (Serialized files now loaded: 0)
Unloading 17 unused Assets / (80.5 KB). Loaded Objects now: 3608.
Memory consumption went from 119.1 MB to 119.0 MB.
Total: 3.276200 ms (FindLiveObjects: 0.209600 ms CreateObjectMapping: 0.132300 ms MarkObjects: 2.845900 ms  DeleteObjects: 0.087600 ms)

AssetImportParameters requested are different than current active one (requested -> active):
  custom:video-decoder-ogg-theora: a1e56fd34408186e4bbccfd4996cb3dc -> 
  custom:container-muxer-webm: aa71ff27fc2769a1b78a27578f13a17b -> 
  custom:container-demuxer-webm: 4f35f7cbe854078d1ac9338744f61a02 -> 
  custom:video-encoder-webm-vp8: eb34c28f22e8b96e1ab97ce403110664 -> 
  custom:audio-encoder-webm-vorbis: bf7c407c2cedff20999df2af8eb42d56 -> 
  custom:framework-win-MediaFoundation: 216162199b28c13a410421893ffa2e32 -> 
  custom:container-demuxer-ogg: 62fdf1f143b41e24485cea50d1cbac27 -> 
  custom:video-decoder-webm-vp8: 9c59270c3fd7afecdb556c50c9e8de78 -> 
  custom:audio-decoder-ogg-vorbis: bf7c407c2cedff20999df2af8eb42d56 -> 
========================================================================
Received Import Request.
  Time since last request: 58.915617 seconds.
  path: Assets/AssetStore/ParticleProFX/Resources/Textures
  artifactKey: Guid(e93fbc9f1ed490c408a32eadea6ce724) Importer(815301076,1909f56bfc062723c751e8b465ee728b)
Start importing Assets/AssetStore/ParticleProFX/Resources/Textures using Guid(e93fbc9f1ed490c408a32eadea6ce724) Importer(815301076,1909f56bfc062723c751e8b465ee728b)  -> (artifact id: '47bd31366b3cda00bca719b596773d67') in 0.007621 seconds 
========================================================================
Received Import Request.
  Time since last request: 3.057352 seconds.
  path: Assets/AssetStore/ParticleProFX/Resources/Scripts/PPFXChainReaction.cs
  artifactKey: Guid(49a2d8a1a6074a1429a5271156e4d4b0) Importer(815301076,1909f56bfc062723c751e8b465ee728b)
Start importing Assets/AssetStore/ParticleProFX/Resources/Scripts/PPFXChainReaction.cs using Guid(49a2d8a1a6074a1429a5271156e4d4b0) Importer(815301076,1909f56bfc062723c751e8b465ee728b)  -> (artifact id: '9b7d6a1e0695d80f01fb1cbacbc0d94f') in 0.009316 seconds 
========================================================================
Received Import Request.
  Time since last request: 5.363302 seconds.
  path: Assets/AssetStore/Low Poly Fire
  artifactKey: Guid(b70010249898b4140a7342fa8c3418f7) Importer(815301076,1909f56bfc062723c751e8b465ee728b)
Start importing Assets/AssetStore/Low Poly Fire using Guid(b70010249898b4140a7342fa8c3418f7) Importer(815301076,1909f56bfc062723c751e8b465ee728b)  -> (artifact id: '6ccda1e3d4c06ef75661311db533c1ea') in 0.009427 seconds 
